# JRE version: OpenJDK Runtime Environment (11.0.10) (build 11.0.10+0-b96-7249189)
# Java VM: OpenJDK 64-Bit Server VM (11.0.10+0-b96-7249189, mixed mode, tiered, compressed oops, g1 gc, windows-amd64)
Heap:
 garbage-first heap   total 155648K, used 48809K [0x0000000080000000, 0x0000000100000000)
  region size 1024K, 6 young (6144K), 6 survivors (6144K)
 Metaspace       used 62606K, capacity 64148K, committed 64444K, reserved 1105920K
  class space    used 7950K, capacity 8524K, committed 8576K, reserved 1048576K
GC Heap History (20 events):
Event: 9.395 GC heap after
{Heap after GC invocations=2 (full 0):
 garbage-first heap   total 129024K, used 16178K [0x0000000080000000, 0x0000000100000000)
  region size 1024K, 10 young (10240K), 10 survivors (10240K)
 Metaspace       used 17732K, capacity 18151K, committed 18432K, reserved 1064960K
  class space    used 2091K, capacity 2236K, committed 2304K, reserved 1048576K
}
Event: 10.166 GC heap before
{Heap before GC invocations=2 (full 0):
 garbage-first heap   total 129024K, used 37682K [0x0000000080000000, 0x0000000100000000)
  region size 1024K, 33 young (33792K), 10 survivors (10240K)
 Metaspace       used 20615K, capacity 21151K, committed 21296K, reserved 1069056K
  class space    used 2513K, capacity 2688K, committed 2688K, reserved 1048576K
}
Event: 10.188 GC heap after
{Heap after GC invocations=3 (full 0):
 garbage-first heap   total 129024K, used 16688K [0x0000000080000000, 0x0000000100000000)
  region size 1024K, 1 young (1024K), 1 survivors (1024K)
 Metaspace       used 20615K, capacity 21151K, committed 21296K, reserved 1069056K
  class space    used 2513K, capacity 2688K, committed 2688K, reserved 1048576K
}
Event: 11.961 GC heap before
{Heap before GC invocations=4 (full 0):
 garbage-first heap   total 129024K, used 66864K [0x0000000080000000, 0x0000000100000000)
  region size 1024K, 50 young (51200K), 1 survivors (1024K)
 Metaspace       used 25809K, capacity 26419K, committed 26672K, reserved 1073152K
  class space    used 3368K, capacity 3598K, committed 3712K, reserved 1048576K
}
Event: 11.972 GC heap after
{Heap after GC invocations=5 (full 0):
 garbage-first heap   total 129024K, used 18282K [0x0000000080000000, 0x0000000100000000)
  region size 1024K, 3 young (3072K), 3 survivors (3072K)
 Metaspace       used 25809K, capacity 26419K, committed 26672K, reserved 1073152K
  class space    used 3368K, capacity 3598K, committed 3712K, reserved 1048576K
}
Event: 14.432 GC heap before
{Heap before GC invocations=5 (full 0):
 garbage-first heap   total 129024K, used 73578K [0x0000000080000000, 0x0000000100000000)
  region size 1024K, 57 young (58368K), 3 survivors (3072K)
 Metaspace       used 34117K, capacity 34965K, committed 35120K, reserved 1079296K
  class space    used 4431K, capacity 4725K, committed 4736K, reserved 1048576K
}
Event: 14.447 GC heap after
{Heap after GC invocations=6 (full 0):
 garbage-first heap   total 129024K, used 21619K [0x0000000080000000, 0x0000000100000000)
  region size 1024K, 6 young (6144K), 6 survivors (6144K)
 Metaspace       used 34117K, capacity 34965K, committed 35120K, reserved 1079296K
  class space    used 4431K, capacity 4725K, committed 4736K, reserved 1048576K
}
Event: 14.621 GC heap before
{Heap before GC invocations=6 (full 0):
 garbage-first heap   total 129024K, used 24691K [0x0000000080000000, 0x0000000100000000)
  region size 1024K, 11 young (11264K), 6 survivors (6144K)
 Metaspace       used 34837K, capacity 35639K, committed 35708K, reserved 1081344K
  class space    used 4535K, capacity 4864K, committed 4864K, reserved 1048576K
}
Event: 14.645 GC heap after
{Heap after GC invocations=7 (full 0):
 garbage-first heap   total 129024K, used 22754K [0x0000000080000000, 0x0000000100000000)
  region size 1024K, 5 young (5120K), 5 survivors (5120K)
 Metaspace       used 34837K, capacity 35639K, committed 35708K, reserved 1081344K
  class space    used 4535K, capacity 4864K, committed 4864K, reserved 1048576K
}
Event: 17.426 GC heap before
{Heap before GC invocations=8 (full 0):
 garbage-first heap   total 129024K, used 77026K [0x0000000080000000, 0x0000000100000000)
  region size 1024K, 55 young (56320K), 5 survivors (5120K)
 Metaspace       used 38706K, capacity 39632K, committed 39856K, reserved 1083392K
  class space    used 4928K, capacity 5251K, committed 5376K, reserved 1048576K
}
Event: 17.451 GC heap after
{Heap after GC invocations=9 (full 0):
 garbage-first heap   total 129024K, used 26109K [0x0000000080000000, 0x0000000100000000)
  region size 1024K, 5 young (5120K), 5 survivors (5120K)
 Metaspace       used 38706K, capacity 39632K, committed 39856K, reserved 1083392K
  class space    used 4928K, capacity 5251K, committed 5376K, reserved 1048576K
}
Event: 19.466 GC heap before
{Heap before GC invocations=9 (full 0):
 garbage-first heap   total 129024K, used 78333K [0x0000000080000000, 0x0000000100000000)
  region size 1024K, 56 young (57344K), 5 survivors (5120K)
 Metaspace       used 43470K, capacity 44524K, committed 44848K, reserved 1087488K
  class space    used 5548K, capacity 5896K, committed 6016K, reserved 1048576K
}
Event: 19.482 GC heap after
{Heap after GC invocations=10 (full 0):
 garbage-first heap   total 129024K, used 28026K [0x0000000080000000, 0x0000000100000000)
  region size 1024K, 3 young (3072K), 3 survivors (3072K)
 Metaspace       used 43470K, capacity 44524K, committed 44848K, reserved 1087488K
  class space    used 5548K, capacity 5896K, committed 6016K, reserved 1048576K
}
Event: 21.731 GC heap before
{Heap before GC invocations=10 (full 0):
 garbage-first heap   total 129024K, used 83322K [0x0000000080000000, 0x0000000100000000)
  region size 1024K, 58 young (59392K), 3 survivors (3072K)
 Metaspace       used 46975K, capacity 48279K, committed 48432K, reserved 1091584K
  class space    used 6011K, capacity 6441K, committed 6528K, reserved 1048576K
}
Event: 21.742 GC heap after
{Heap after GC invocations=11 (full 0):
 garbage-first heap   total 129024K, used 30382K [0x0000000080000000, 0x0000000100000000)
  region size 1024K, 5 young (5120K), 5 survivors (5120K)
 Metaspace       used 46975K, capacity 48279K, committed 48432K, reserved 1091584K
  class space    used 6011K, capacity 6441K, committed 6528K, reserved 1048576K
}
Event: 24.245 GC heap before
{Heap before GC invocations=11 (full 0):
 garbage-first heap   total 129024K, used 91822K [0x0000000080000000, 0x0000000100000000)
  region size 1024K, 62 young (63488K), 5 survivors (5120K)
 Metaspace       used 52995K, capacity 54376K, committed 54576K, reserved 1097728K
  class space    used 6776K, capacity 7286K, committed 7296K, reserved 1048576K
}
Event: 24.265 GC heap after
{Heap after GC invocations=12 (full 0):
 garbage-first heap   total 129024K, used 41628K [0x0000000080000000, 0x0000000100000000)
  region size 1024K, 8 young (8192K), 8 survivors (8192K)
 Metaspace       used 52995K, capacity 54376K, committed 54576K, reserved 1097728K
  class space    used 6776K, capacity 7286K, committed 7296K, reserved 1048576K
}
Event: 25.687 GC heap before
{Heap before GC invocations=12 (full 0):
 garbage-first heap   total 129024K, used 74396K [0x0000000080000000, 0x0000000100000000)
  region size 1024K, 41 young (41984K), 8 survivors (8192K)
 Metaspace       used 58218K, capacity 59727K, committed 59940K, reserved 1101824K
  class space    used 7406K, capacity 7958K, committed 8064K, reserved 1048576K
}
Event: 25.725 GC heap after
{Heap after GC invocations=13 (full 0):
 garbage-first heap   total 129024K, used 44339K [0x0000000080000000, 0x0000000100000000)
  region size 1024K, 3 young (3072K), 3 survivors (3072K)
 Metaspace       used 58218K, capacity 59727K, committed 59940K, reserved 1101824K
  class space    used 7406K, capacity 7958K, committed 8064K, reserved 1048576K
}
Event: 27.367 GC heap before
{Heap before GC invocations=14 (full 0):
 garbage-first heap   total 129024K, used 89395K [0x0000000080000000, 0x0000000100000000)
  region size 1024K, 47 young (48128K), 3 survivors (3072K)
 Metaspace       used 62606K, capacity 64148K, committed 64444K, reserved 1105920K
  class space    used 7950K, capacity 8524K, committed 8576K, reserved 1048576K
}

