# JRE version: OpenJDK Runtime Environment (11.0.10) (build 11.0.10+0-b96-7249189)
# Java VM: OpenJDK 64-Bit Server VM (11.0.10+0-b96-7249189, mixed mode, tiered, compressed oops, g1 gc, windows-amd64)
Heap:
 garbage-first heap   total 129024K, used 27545K [0x0000000080000000, 0x0000000100000000)
  region size 1024K, 2 young (2048K), 2 survivors (2048K)
 Metaspace       used 41898K, capacity 42859K, committed 43004K, reserved 1087488K
  class space    used 5404K, capacity 5739K, committed 5760K, reserved 1048576K
GC Heap History (14 events):
Event: 2.381 GC heap before
{Heap before GC invocations=0 (full 0):
 garbage-first heap   total 129024K, used 29696K [0x0000000080000000, 0x0000000100000000)
  region size 1024K, 24 young (24576K), 0 survivors (0K)
 Metaspace       used 9817K, capacity 9986K, committed 10112K, reserved 1058816K
  class space    used 1022K, capacity 1102K, committed 1152K, reserved 1048576K
}
Event: 2.399 GC heap after
{Heap after GC invocations=1 (full 0):
 garbage-first heap   total 129024K, used 9006K [0x0000000080000000, 0x0000000100000000)
  region size 1024K, 3 young (3072K), 3 survivors (3072K)
 Metaspace       used 9817K, capacity 9986K, committed 10112K, reserved 1058816K
  class space    used 1022K, capacity 1102K, committed 1152K, reserved 1048576K
}
Event: 9.843 GC heap before
{Heap before GC invocations=1 (full 0):
 garbage-first heap   total 129024K, used 82734K [0x0000000080000000, 0x0000000100000000)
  region size 1024K, 75 young (76800K), 3 survivors (3072K)
 Metaspace       used 17756K, capacity 18151K, committed 18432K, reserved 1064960K
  class space    used 2092K, capacity 2236K, committed 2304K, reserved 1048576K
}
Event: 9.861 GC heap after
{Heap after GC invocations=2 (full 0):
 garbage-first heap   total 129024K, used 16383K [0x0000000080000000, 0x0000000100000000)
  region size 1024K, 10 young (10240K), 10 survivors (10240K)
 Metaspace       used 17756K, capacity 18151K, committed 18432K, reserved 1064960K
  class space    used 2092K, capacity 2236K, committed 2304K, reserved 1048576K
}
Event: 10.625 GC heap before
{Heap before GC invocations=2 (full 0):
 garbage-first heap   total 129024K, used 38911K [0x0000000080000000, 0x0000000100000000)
  region size 1024K, 33 young (33792K), 10 survivors (10240K)
 Metaspace       used 20624K, capacity 21151K, committed 21296K, reserved 1069056K
  class space    used 2513K, capacity 2688K, committed 2688K, reserved 1048576K
}
Event: 10.648 GC heap after
{Heap after GC invocations=3 (full 0):
 garbage-first heap   total 129024K, used 16849K [0x0000000080000000, 0x0000000100000000)
  region size 1024K, 1 young (1024K), 1 survivors (1024K)
 Metaspace       used 20624K, capacity 21151K, committed 21296K, reserved 1069056K
  class space    used 2513K, capacity 2688K, committed 2688K, reserved 1048576K
}
Event: 12.218 GC heap before
{Heap before GC invocations=4 (full 0):
 garbage-first heap   total 129024K, used 64977K [0x0000000080000000, 0x0000000100000000)
  region size 1024K, 48 young (49152K), 1 survivors (1024K)
 Metaspace       used 25568K, capacity 26131K, committed 26288K, reserved 1073152K
  class space    used 3339K, capacity 3566K, committed 3584K, reserved 1048576K
}
Event: 12.227 GC heap after
{Heap after GC invocations=5 (full 0):
 garbage-first heap   total 129024K, used 18362K [0x0000000080000000, 0x0000000100000000)
  region size 1024K, 3 young (3072K), 3 survivors (3072K)
 Metaspace       used 25568K, capacity 26131K, committed 26288K, reserved 1073152K
  class space    used 3339K, capacity 3566K, committed 3584K, reserved 1048576K
}
Event: 14.531 GC heap before
{Heap before GC invocations=5 (full 0):
 garbage-first heap   total 129024K, used 71610K [0x0000000080000000, 0x0000000100000000)
  region size 1024K, 55 young (56320K), 3 survivors (3072K)
 Metaspace       used 31773K, capacity 32553K, committed 32560K, reserved 1077248K
  class space    used 4188K, capacity 4473K, committed 4480K, reserved 1048576K
}
Event: 14.543 GC heap after
{Heap after GC invocations=6 (full 0):
 garbage-first heap   total 129024K, used 20791K [0x0000000080000000, 0x0000000100000000)
  region size 1024K, 5 young (5120K), 5 survivors (5120K)
 Metaspace       used 31773K, capacity 32553K, committed 32560K, reserved 1077248K
  class space    used 4188K, capacity 4473K, committed 4480K, reserved 1048576K
}
Event: 15.087 GC heap before
{Heap before GC invocations=6 (full 0):
 garbage-first heap   total 129024K, used 28983K [0x0000000080000000, 0x0000000100000000)
  region size 1024K, 14 young (14336K), 5 survivors (5120K)
 Metaspace       used 34847K, capacity 35607K, committed 35708K, reserved 1081344K
  class space    used 4532K, capacity 4832K, committed 4864K, reserved 1048576K
}
Event: 15.112 GC heap after
{Heap after GC invocations=7 (full 0):
 garbage-first heap   total 129024K, used 22455K [0x0000000080000000, 0x0000000100000000)
  region size 1024K, 6 young (6144K), 6 survivors (6144K)
 Metaspace       used 34847K, capacity 35607K, committed 35708K, reserved 1081344K
  class space    used 4532K, capacity 4832K, committed 4864K, reserved 1048576K
}
Event: 16.969 GC heap before
{Heap before GC invocations=8 (full 0):
 garbage-first heap   total 129024K, used 74679K [0x0000000080000000, 0x0000000100000000)
  region size 1024K, 55 young (56320K), 6 survivors (6144K)
 Metaspace       used 38708K, capacity 39632K, committed 39804K, reserved 1083392K
  class space    used 4927K, capacity 5251K, committed 5376K, reserved 1048576K
}
Event: 16.989 GC heap after
{Heap after GC invocations=9 (full 0):
 garbage-first heap   total 129024K, used 26152K [0x0000000080000000, 0x0000000100000000)
  region size 1024K, 6 young (6144K), 6 survivors (6144K)
 Metaspace       used 38708K, capacity 39632K, committed 39804K, reserved 1083392K
  class space    used 4927K, capacity 5251K, committed 5376K, reserved 1048576K
}

