# JRE version: OpenJDK Runtime Environment (11.0.10) (build 11.0.10+0-b96-7249189)
# Java VM: OpenJDK 64-Bit Server VM (11.0.10+0-b96-7249189, mixed mode, tiered, compressed oops, g1 gc, windows-amd64)
Heap:
 garbage-first heap   total 155648K, used 43693K [0x0000000080000000, 0x0000000100000000)
  region size 1024K, 4 young (4096K), 3 survivors (3072K)
 Metaspace       used 57103K, capacity 58571K, committed 58620K, reserved 1107968K
  class space    used 7255K, capacity 7785K, committed 7808K, reserved 1048576K
GC Heap History (16 events):
Event: 2.267 GC heap before
{Heap before GC invocations=0 (full 0):
 garbage-first heap   total 129024K, used 29696K [0x0000000080000000, 0x0000000100000000)
  region size 1024K, 24 young (24576K), 0 survivors (0K)
 Metaspace       used 9813K, capacity 9990K, committed 10112K, reserved 1058816K
  class space    used 1021K, capacity 1102K, committed 1152K, reserved 1048576K
}
Event: 2.282 GC heap after
{Heap after GC invocations=1 (full 0):
 garbage-first heap   total 129024K, used 9305K [0x0000000080000000, 0x0000000100000000)
  region size 1024K, 3 young (3072K), 3 survivors (3072K)
 Metaspace       used 9813K, capacity 9990K, committed 10112K, reserved 1058816K
  class space    used 1021K, capacity 1102K, committed 1152K, reserved 1048576K
}
Event: 9.163 GC heap before
{Heap before GC invocations=1 (full 0):
 garbage-first heap   total 129024K, used 84057K [0x0000000080000000, 0x0000000100000000)
  region size 1024K, 75 young (76800K), 3 survivors (3072K)
 Metaspace       used 17755K, capacity 18155K, committed 18432K, reserved 1064960K
  class space    used 2091K, capacity 2236K, committed 2304K, reserved 1048576K
}
Event: 9.181 GC heap after
{Heap after GC invocations=2 (full 0):
 garbage-first heap   total 129024K, used 15709K [0x0000000080000000, 0x0000000100000000)
  region size 1024K, 10 young (10240K), 10 survivors (10240K)
 Metaspace       used 17755K, capacity 18155K, committed 18432K, reserved 1064960K
  class space    used 2091K, capacity 2236K, committed 2304K, reserved 1048576K
}
Event: 9.876 GC heap before
{Heap before GC invocations=2 (full 0):
 garbage-first heap   total 129024K, used 38237K [0x0000000080000000, 0x0000000100000000)
  region size 1024K, 33 young (33792K), 10 survivors (10240K)
 Metaspace       used 20629K, capacity 21155K, committed 21296K, reserved 1069056K
  class space    used 2513K, capacity 2688K, committed 2688K, reserved 1048576K
}
Event: 9.895 GC heap after
{Heap after GC invocations=3 (full 0):
 garbage-first heap   total 129024K, used 16810K [0x0000000080000000, 0x0000000100000000)
  region size 1024K, 1 young (1024K), 1 survivors (1024K)
 Metaspace       used 20629K, capacity 21155K, committed 21296K, reserved 1069056K
  class space    used 2513K, capacity 2688K, committed 2688K, reserved 1048576K
}
Event: 11.658 GC heap before
{Heap before GC invocations=4 (full 0):
 garbage-first heap   total 129024K, used 81322K [0x0000000080000000, 0x0000000100000000)
  region size 1024K, 64 young (65536K), 1 survivors (1024K)
 Metaspace       used 26665K, capacity 27268K, committed 27568K, reserved 1073152K
  class space    used 3515K, capacity 3755K, committed 3840K, reserved 1048576K
}
Event: 11.666 GC heap after
{Heap after GC invocations=5 (full 0):
 garbage-first heap   total 129024K, used 18703K [0x0000000080000000, 0x0000000100000000)
  region size 1024K, 3 young (3072K), 3 survivors (3072K)
 Metaspace       used 26665K, capacity 27268K, committed 27568K, reserved 1073152K
  class space    used 3515K, capacity 3755K, committed 3840K, reserved 1048576K
}
Event: 13.901 GC heap before
{Heap before GC invocations=5 (full 0):
 garbage-first heap   total 129024K, used 62735K [0x0000000080000000, 0x0000000100000000)
  region size 1024K, 48 young (49152K), 3 survivors (3072K)
 Metaspace       used 34823K, capacity 35644K, committed 35708K, reserved 1081344K
  class space    used 4530K, capacity 4864K, committed 4864K, reserved 1048576K
}
Event: 13.927 GC heap after
{Heap after GC invocations=6 (full 0):
 garbage-first heap   total 129024K, used 22450K [0x0000000080000000, 0x0000000100000000)
  region size 1024K, 7 young (7168K), 7 survivors (7168K)
 Metaspace       used 34823K, capacity 35644K, committed 35708K, reserved 1081344K
  class space    used 4530K, capacity 4864K, committed 4864K, reserved 1048576K
}
Event: 16.149 GC heap before
{Heap before GC invocations=7 (full 0):
 garbage-first heap   total 129024K, used 87986K [0x0000000080000000, 0x0000000100000000)
  region size 1024K, 68 young (69632K), 7 survivors (7168K)
 Metaspace       used 39554K, capacity 40500K, committed 40700K, reserved 1085440K
  class space    used 5050K, capacity 5390K, committed 5504K, reserved 1048576K
}
Event: 16.173 GC heap after
{Heap after GC invocations=8 (full 0):
 garbage-first heap   total 129024K, used 27247K [0x0000000080000000, 0x0000000100000000)
  region size 1024K, 9 young (9216K), 9 survivors (9216K)
 Metaspace       used 39554K, capacity 40500K, committed 40700K, reserved 1085440K
  class space    used 5050K, capacity 5390K, committed 5504K, reserved 1048576K
}
Event: 18.438 GC heap before
{Heap before GC invocations=8 (full 0):
 garbage-first heap   total 129024K, used 89711K [0x0000000080000000, 0x0000000100000000)
  region size 1024K, 69 young (70656K), 9 survivors (9216K)
 Metaspace       used 45172K, capacity 46308K, committed 46588K, reserved 1089536K
  class space    used 5795K, capacity 6192K, committed 6272K, reserved 1048576K
}
Event: 18.461 GC heap after
{Heap after GC invocations=9 (full 0):
 garbage-first heap   total 129024K, used 29166K [0x0000000080000000, 0x0000000100000000)
  region size 1024K, 3 young (3072K), 3 survivors (3072K)
 Metaspace       used 45172K, capacity 46308K, committed 46588K, reserved 1089536K
  class space    used 5795K, capacity 6192K, committed 6272K, reserved 1048576K
}
Event: 20.923 GC heap before
{Heap before GC invocations=9 (full 0):
 garbage-first heap   total 129024K, used 95726K [0x0000000080000000, 0x0000000100000000)
  region size 1024K, 65 young (66560K), 3 survivors (3072K)
 Metaspace       used 48990K, capacity 50278K, committed 50428K, reserved 1093632K
  class space    used 6254K, capacity 6708K, committed 6784K, reserved 1048576K
}
Event: 20.943 GC heap after
{Heap after GC invocations=10 (full 0):
 garbage-first heap   total 155648K, used 41259K [0x0000000080000000, 0x0000000100000000)
  region size 1024K, 9 young (9216K), 9 survivors (9216K)
 Metaspace       used 48990K, capacity 50278K, committed 50428K, reserved 1093632K
  class space    used 6254K, capacity 6708K, committed 6784K, reserved 1048576K
}

