# JRE version: OpenJDK Runtime Environment (11.0.10) (build 11.0.10+0-b96-7249189)
# Java VM: OpenJDK 64-Bit Server VM (11.0.10+0-b96-7249189, mixed mode, tiered, compressed oops, g1 gc, windows-amd64)
Heap:
 garbage-first heap   total 155648K, used 41844K [0x0000000080000000, 0x0000000100000000)
  region size 1024K, 16 young (16384K), 3 survivors (3072K)
 Metaspace       used 45881K, capacity 47016K, committed 47308K, reserved 1089536K
  class space    used 5880K, capacity 6300K, committed 6348K, reserved 1048576K
GC Heap History (16 events):
Event: 2.138 GC heap before
{Heap before GC invocations=0 (full 0):
 garbage-first heap   total 129024K, used 29696K [0x0000000080000000, 0x0000000100000000)
  region size 1024K, 24 young (24576K), 0 survivors (0K)
 Metaspace       used 9787K, capacity 9986K, committed 10112K, reserved 1058816K
  class space    used 1022K, capacity 1102K, committed 1152K, reserved 1048576K
}
Event: 2.154 GC heap after
{Heap after GC invocations=1 (full 0):
 garbage-first heap   total 129024K, used 9328K [0x0000000080000000, 0x0000000100000000)
  region size 1024K, 3 young (3072K), 3 survivors (3072K)
 Metaspace       used 9787K, capacity 9986K, committed 10112K, reserved 1058816K
  class space    used 1022K, capacity 1102K, committed 1152K, reserved 1048576K
}
Event: 3.115 GC heap before
{Heap before GC invocations=1 (full 0):
 garbage-first heap   total 129024K, used 29808K [0x0000000080000000, 0x0000000100000000)
  region size 1024K, 23 young (23552K), 3 survivors (3072K)
 Metaspace       used 10716K, capacity 10939K, committed 11264K, reserved 1058816K
  class space    used 1123K, capacity 1206K, committed 1280K, reserved 1048576K
}
Event: 3.123 GC heap after
{Heap after GC invocations=2 (full 0):
 garbage-first heap   total 129024K, used 10405K [0x0000000080000000, 0x0000000100000000)
  region size 1024K, 1 young (1024K), 1 survivors (1024K)
 Metaspace       used 10716K, capacity 10939K, committed 11264K, reserved 1058816K
  class space    used 1123K, capacity 1206K, committed 1280K, reserved 1048576K
}
Event: 8.877 GC heap before
{Heap before GC invocations=2 (full 0):
 garbage-first heap   total 129024K, used 57509K [0x0000000080000000, 0x0000000100000000)
  region size 1024K, 47 young (48128K), 1 survivors (1024K)
 Metaspace       used 17374K, capacity 17831K, committed 18048K, reserved 1064960K
  class space    used 2017K, capacity 2172K, committed 2176K, reserved 1048576K
}
Event: 8.891 GC heap after
{Heap after GC invocations=3 (full 0):
 garbage-first heap   total 129024K, used 16907K [0x0000000080000000, 0x0000000100000000)
  region size 1024K, 6 young (6144K), 6 survivors (6144K)
 Metaspace       used 17374K, capacity 17831K, committed 18048K, reserved 1064960K
  class space    used 2017K, capacity 2172K, committed 2176K, reserved 1048576K
}
Event: 9.727 GC heap before
{Heap before GC invocations=3 (full 0):
 garbage-first heap   total 129024K, used 45579K [0x0000000080000000, 0x0000000100000000)
  region size 1024K, 35 young (35840K), 6 survivors (6144K)
 Metaspace       used 20640K, capacity 21119K, committed 21248K, reserved 1067008K
  class space    used 2518K, capacity 2720K, committed 2816K, reserved 1048576K
}
Event: 9.746 GC heap after
{Heap after GC invocations=4 (full 0):
 garbage-first heap   total 129024K, used 17386K [0x0000000080000000, 0x0000000100000000)
  region size 1024K, 2 young (2048K), 2 survivors (2048K)
 Metaspace       used 20640K, capacity 21119K, committed 21248K, reserved 1067008K
  class space    used 2518K, capacity 2720K, committed 2816K, reserved 1048576K
}
Event: 11.226 GC heap before
{Heap before GC invocations=5 (full 0):
 garbage-first heap   total 129024K, used 65514K [0x0000000080000000, 0x0000000100000000)
  region size 1024K, 50 young (51200K), 2 survivors (2048K)
 Metaspace       used 25751K, capacity 26355K, committed 26496K, reserved 1073152K
  class space    used 3361K, capacity 3598K, committed 3712K, reserved 1048576K
}
Event: 11.236 GC heap after
{Heap after GC invocations=6 (full 0):
 garbage-first heap   total 129024K, used 19053K [0x0000000080000000, 0x0000000100000000)
  region size 1024K, 3 young (3072K), 3 survivors (3072K)
 Metaspace       used 25751K, capacity 26355K, committed 26496K, reserved 1073152K
  class space    used 3361K, capacity 3598K, committed 3712K, reserved 1048576K
}
Event: 13.800 GC heap before
{Heap before GC invocations=6 (full 0):
 garbage-first heap   total 129024K, used 78445K [0x0000000080000000, 0x0000000100000000)
  region size 1024K, 63 young (64512K), 3 survivors (3072K)
 Metaspace       used 35034K, capacity 35832K, committed 35840K, reserved 1081344K
  class space    used 4533K, capacity 4864K, committed 4864K, reserved 1048576K
}
Event: 13.828 GC heap after
{Heap after GC invocations=7 (full 0):
 garbage-first heap   total 129024K, used 22621K [0x0000000080000000, 0x0000000100000000)
  region size 1024K, 7 young (7168K), 7 survivors (7168K)
 Metaspace       used 35034K, capacity 35832K, committed 35840K, reserved 1081344K
  class space    used 4533K, capacity 4864K, committed 4864K, reserved 1048576K
}
Event: 15.968 GC heap before
{Heap before GC invocations=8 (full 0):
 garbage-first heap   total 129024K, used 87133K [0x0000000080000000, 0x0000000100000000)
  region size 1024K, 67 young (68608K), 7 survivors (7168K)
 Metaspace       used 39462K, capacity 40332K, committed 40524K, reserved 1085440K
  class space    used 5030K, capacity 5357K, committed 5452K, reserved 1048576K
}
Event: 15.995 GC heap after
{Heap after GC invocations=9 (full 0):
 garbage-first heap   total 129024K, used 27582K [0x0000000080000000, 0x0000000100000000)
  region size 1024K, 9 young (9216K), 9 survivors (9216K)
 Metaspace       used 39462K, capacity 40332K, committed 40524K, reserved 1085440K
  class space    used 5030K, capacity 5357K, committed 5452K, reserved 1048576K
}
Event: 18.013 GC heap before
{Heap before GC invocations=9 (full 0):
 garbage-first heap   total 129024K, used 89022K [0x0000000080000000, 0x0000000100000000)
  region size 1024K, 69 young (70656K), 9 survivors (9216K)
 Metaspace       used 45008K, capacity 46161K, committed 46412K, reserved 1089536K
  class space    used 5779K, capacity 6188K, committed 6220K, reserved 1048576K
}
Event: 18.040 GC heap after
{Heap after GC invocations=10 (full 0):
 garbage-first heap   total 155648K, used 29556K [0x0000000080000000, 0x0000000100000000)
  region size 1024K, 3 young (3072K), 3 survivors (3072K)
 Metaspace       used 45008K, capacity 46161K, committed 46412K, reserved 1089536K
  class space    used 5779K, capacity 6188K, committed 6220K, reserved 1048576K
}

