# JRE version: OpenJDK Runtime Environment (11.0.10) (build 11.0.10+0-b96-7249189)
# Java VM: OpenJDK 64-Bit Server VM (11.0.10+0-b96-7249189, mixed mode, tiered, compressed oops, g1 gc, windows-amd64)
Heap:
 garbage-first heap   total 129024K, used 39341K [0x0000000080000000, 0x0000000100000000)
  region size 1024K, 16 young (16384K), 5 survivors (5120K)
 Metaspace       used 46679K, capacity 47933K, committed 48204K, reserved 1091584K
  class space    used 5987K, capacity 6432K, committed 6476K, reserved 1048576K
GC Heap History (18 events):
Event: 2.207 GC heap before
{Heap before GC invocations=0 (full 0):
 garbage-first heap   total 129024K, used 29696K [0x0000000080000000, 0x0000000100000000)
  region size 1024K, 24 young (24576K), 0 survivors (0K)
 Metaspace       used 9798K, capacity 9994K, committed 10112K, reserved 1058816K
  class space    used 1022K, capacity 1102K, committed 1152K, reserved 1048576K
}
Event: 2.222 GC heap after
{Heap after GC invocations=1 (full 0):
 garbage-first heap   total 129024K, used 8948K [0x0000000080000000, 0x0000000100000000)
  region size 1024K, 3 young (3072K), 3 survivors (3072K)
 Metaspace       used 9798K, capacity 9994K, committed 10112K, reserved 1058816K
  class space    used 1022K, capacity 1102K, committed 1152K, reserved 1048576K
}
Event: 9.394 GC heap before
{Heap before GC invocations=1 (full 0):
 garbage-first heap   total 129024K, used 82676K [0x0000000080000000, 0x0000000100000000)
  region size 1024K, 75 young (76800K), 3 survivors (3072K)
 Metaspace       used 17739K, capacity 18159K, committed 18432K, reserved 1064960K
  class space    used 2093K, capacity 2236K, committed 2304K, reserved 1048576K
}
Event: 9.411 GC heap after
{Heap after GC invocations=2 (full 0):
 garbage-first heap   total 129024K, used 15874K [0x0000000080000000, 0x0000000100000000)
  region size 1024K, 10 young (10240K), 10 survivors (10240K)
 Metaspace       used 17739K, capacity 18159K, committed 18432K, reserved 1064960K
  class space    used 2093K, capacity 2236K, committed 2304K, reserved 1048576K
}
Event: 10.083 GC heap before
{Heap before GC invocations=2 (full 0):
 garbage-first heap   total 129024K, used 38402K [0x0000000080000000, 0x0000000100000000)
  region size 1024K, 33 young (33792K), 10 survivors (10240K)
 Metaspace       used 20644K, capacity 21127K, committed 21248K, reserved 1067008K
  class space    used 2520K, capacity 2720K, committed 2816K, reserved 1048576K
}
Event: 10.102 GC heap after
{Heap after GC invocations=3 (full 0):
 garbage-first heap   total 129024K, used 16820K [0x0000000080000000, 0x0000000100000000)
  region size 1024K, 1 young (1024K), 1 survivors (1024K)
 Metaspace       used 20644K, capacity 21127K, committed 21248K, reserved 1067008K
  class space    used 2520K, capacity 2720K, committed 2816K, reserved 1048576K
}
Event: 11.694 GC heap before
{Heap before GC invocations=4 (full 0):
 garbage-first heap   total 129024K, used 69044K [0x0000000080000000, 0x0000000100000000)
  region size 1024K, 52 young (53248K), 1 survivors (1024K)
 Metaspace       used 25903K, capacity 26494K, committed 26752K, reserved 1073152K
  class space    used 3386K, capacity 3599K, committed 3712K, reserved 1048576K
}
Event: 11.703 GC heap after
{Heap after GC invocations=5 (full 0):
 garbage-first heap   total 129024K, used 18397K [0x0000000080000000, 0x0000000100000000)
  region size 1024K, 3 young (3072K), 3 survivors (3072K)
 Metaspace       used 25903K, capacity 26494K, committed 26752K, reserved 1073152K
  class space    used 3386K, capacity 3599K, committed 3712K, reserved 1048576K
}
Event: 14.177 GC heap before
{Heap before GC invocations=5 (full 0):
 garbage-first heap   total 129024K, used 75741K [0x0000000080000000, 0x0000000100000000)
  region size 1024K, 59 young (60416K), 3 survivors (3072K)
 Metaspace       used 34821K, capacity 35616K, committed 35840K, reserved 1081344K
  class space    used 4531K, capacity 4832K, committed 4864K, reserved 1048576K
}
Event: 14.191 GC heap after
{Heap after GC invocations=6 (full 0):
 garbage-first heap   total 129024K, used 21988K [0x0000000080000000, 0x0000000100000000)
  region size 1024K, 6 young (6144K), 6 survivors (6144K)
 Metaspace       used 34821K, capacity 35616K, committed 35840K, reserved 1081344K
  class space    used 4531K, capacity 4832K, committed 4864K, reserved 1048576K
}
Event: 14.255 GC heap before
{Heap before GC invocations=6 (full 0):
 garbage-first heap   total 129024K, used 21988K [0x0000000080000000, 0x0000000100000000)
  region size 1024K, 7 young (7168K), 6 survivors (6144K)
 Metaspace       used 35031K, capacity 35808K, committed 35840K, reserved 1081344K
  class space    used 4532K, capacity 4832K, committed 4864K, reserved 1048576K
}
Event: 14.280 GC heap after
{Heap after GC invocations=7 (full 0):
 garbage-first heap   total 129024K, used 22244K [0x0000000080000000, 0x0000000100000000)
  region size 1024K, 4 young (4096K), 4 survivors (4096K)
 Metaspace       used 35031K, capacity 35808K, committed 35840K, reserved 1081344K
  class space    used 4532K, capacity 4832K, committed 4864K, reserved 1048576K
}
Event: 15.873 GC heap before
{Heap before GC invocations=8 (full 0):
 garbage-first heap   total 129024K, used 69348K [0x0000000080000000, 0x0000000100000000)
  region size 1024K, 47 young (48128K), 4 survivors (4096K)
 Metaspace       used 38356K, capacity 39265K, committed 39628K, reserved 1083392K
  class space    used 4894K, capacity 5211K, committed 5324K, reserved 1048576K
}
Event: 15.905 GC heap after
{Heap after GC invocations=9 (full 0):
 garbage-first heap   total 129024K, used 25898K [0x0000000080000000, 0x0000000100000000)
  region size 1024K, 4 young (4096K), 4 survivors (4096K)
 Metaspace       used 38356K, capacity 39265K, committed 39628K, reserved 1083392K
  class space    used 4894K, capacity 5211K, committed 5324K, reserved 1048576K
}
Event: 17.613 GC heap before
{Heap before GC invocations=10 (full 0):
 garbage-first heap   total 129024K, used 71978K [0x0000000080000000, 0x0000000100000000)
  region size 1024K, 49 young (50176K), 4 survivors (4096K)
 Metaspace       used 42430K, capacity 43448K, committed 43724K, reserved 1087488K
  class space    used 5387K, capacity 5746K, committed 5836K, reserved 1048576K
}
Event: 17.627 GC heap after
{Heap after GC invocations=11 (full 0):
 garbage-first heap   total 129024K, used 27697K [0x0000000080000000, 0x0000000100000000)
  region size 1024K, 3 young (3072K), 3 survivors (3072K)
 Metaspace       used 42430K, capacity 43448K, committed 43724K, reserved 1087488K
  class space    used 5387K, capacity 5746K, committed 5836K, reserved 1048576K
}
Event: 20.133 GC heap before
{Heap before GC invocations=11 (full 0):
 garbage-first heap   total 129024K, used 76849K [0x0000000080000000, 0x0000000100000000)
  region size 1024K, 51 young (52224K), 3 survivors (3072K)
 Metaspace       used 46043K, capacity 47184K, committed 47308K, reserved 1089536K
  class space    used 5897K, capacity 6310K, committed 6348K, reserved 1048576K
}
Event: 20.148 GC heap after
{Heap after GC invocations=12 (full 0):
 garbage-first heap   total 129024K, used 30125K [0x0000000080000000, 0x0000000100000000)
  region size 1024K, 5 young (5120K), 5 survivors (5120K)
 Metaspace       used 46043K, capacity 47184K, committed 47308K, reserved 1089536K
  class space    used 5897K, capacity 6310K, committed 6348K, reserved 1048576K
}

