# JRE version: OpenJDK Runtime Environment (11.0.10) (build 11.0.10+0-b96-7249189)
# Java VM: OpenJDK 64-Bit Server VM (11.0.10+0-b96-7249189, mixed mode, tiered, compressed oops, g1 gc, windows-amd64)
Heap:
 garbage-first heap   total 129024K, used 78696K [0x0000000080000000, 0x0000000100000000)
  region size 1024K, 50 young (51200K), 5 survivors (5120K)
 Metaspace       used 50248K, capacity 51599K, committed 51836K, reserved 1093632K
  class space    used 6405K, capacity 6873K, committed 6912K, reserved 1048576K
GC Heap History (20 events):
Event: 2.059 GC heap before
{Heap before GC invocations=0 (full 0):
 garbage-first heap   total 129024K, used 29696K [0x0000000080000000, 0x0000000100000000)
  region size 1024K, 24 young (24576K), 0 survivors (0K)
 Metaspace       used 9805K, capacity 9986K, committed 10112K, reserved 1058816K
  class space    used 1021K, capacity 1102K, committed 1152K, reserved 1048576K
}
Event: 2.074 GC heap after
{Heap after GC invocations=1 (full 0):
 garbage-first heap   total 129024K, used 9027K [0x0000000080000000, 0x0000000100000000)
  region size 1024K, 3 young (3072K), 3 survivors (3072K)
 Metaspace       used 9805K, capacity 9986K, committed 10112K, reserved 1058816K
  class space    used 1021K, capacity 1102K, committed 1152K, reserved 1048576K
}
Event: 3.118 GC heap before
{Heap before GC invocations=1 (full 0):
 garbage-first heap   total 129024K, used 30531K [0x0000000080000000, 0x0000000100000000)
  region size 1024K, 24 young (24576K), 3 survivors (3072K)
 Metaspace       used 10731K, capacity 11003K, committed 11264K, reserved 1058816K
  class space    used 1122K, capacity 1206K, committed 1280K, reserved 1048576K
}
Event: 3.126 GC heap after
{Heap after GC invocations=2 (full 0):
 garbage-first heap   total 129024K, used 9593K [0x0000000080000000, 0x0000000100000000)
  region size 1024K, 1 young (1024K), 1 survivors (1024K)
 Metaspace       used 10731K, capacity 11003K, committed 11264K, reserved 1058816K
  class space    used 1122K, capacity 1206K, committed 1280K, reserved 1048576K
}
Event: 9.194 GC heap before
{Heap before GC invocations=2 (full 0):
 garbage-first heap   total 129024K, used 56697K [0x0000000080000000, 0x0000000100000000)
  region size 1024K, 47 young (48128K), 1 survivors (1024K)
 Metaspace       used 17531K, capacity 17895K, committed 18048K, reserved 1064960K
  class space    used 2042K, capacity 2172K, committed 2176K, reserved 1048576K
}
Event: 9.207 GC heap after
{Heap after GC invocations=3 (full 0):
 garbage-first heap   total 129024K, used 15615K [0x0000000080000000, 0x0000000100000000)
  region size 1024K, 6 young (6144K), 6 survivors (6144K)
 Metaspace       used 17531K, capacity 17895K, committed 18048K, reserved 1064960K
  class space    used 2042K, capacity 2172K, committed 2176K, reserved 1048576K
}
Event: 10.089 GC heap before
{Heap before GC invocations=3 (full 0):
 garbage-first heap   total 129024K, used 41215K [0x0000000080000000, 0x0000000100000000)
  region size 1024K, 33 young (33792K), 6 survivors (6144K)
 Metaspace       used 20648K, capacity 21151K, committed 21296K, reserved 1069056K
  class space    used 2513K, capacity 2688K, committed 2688K, reserved 1048576K
}
Event: 10.107 GC heap after
{Heap after GC invocations=4 (full 0):
 garbage-first heap   total 129024K, used 17120K [0x0000000080000000, 0x0000000100000000)
  region size 1024K, 1 young (1024K), 1 survivors (1024K)
 Metaspace       used 20648K, capacity 21151K, committed 21296K, reserved 1069056K
  class space    used 2513K, capacity 2688K, committed 2688K, reserved 1048576K
}
Event: 12.054 GC heap before
{Heap before GC invocations=5 (full 0):
 garbage-first heap   total 129024K, used 66272K [0x0000000080000000, 0x0000000100000000)
  region size 1024K, 49 young (50176K), 1 survivors (1024K)
 Metaspace       used 25671K, capacity 26355K, committed 26672K, reserved 1073152K
  class space    used 3351K, capacity 3598K, committed 3712K, reserved 1048576K
}
Event: 12.063 GC heap after
{Heap after GC invocations=6 (full 0):
 garbage-first heap   total 129024K, used 18738K [0x0000000080000000, 0x0000000100000000)
  region size 1024K, 3 young (3072K), 3 survivors (3072K)
 Metaspace       used 25671K, capacity 26355K, committed 26672K, reserved 1073152K
  class space    used 3351K, capacity 3598K, committed 3712K, reserved 1048576K
}
Event: 14.400 GC heap before
{Heap before GC invocations=6 (full 0):
 garbage-first heap   total 129024K, used 70962K [0x0000000080000000, 0x0000000100000000)
  region size 1024K, 54 young (55296K), 3 survivors (3072K)
 Metaspace       used 31747K, capacity 32489K, committed 32560K, reserved 1077248K
  class space    used 4186K, capacity 4473K, committed 4480K, reserved 1048576K
}
Event: 14.413 GC heap after
{Heap after GC invocations=7 (full 0):
 garbage-first heap   total 129024K, used 21058K [0x0000000080000000, 0x0000000100000000)
  region size 1024K, 5 young (5120K), 5 survivors (5120K)
 Metaspace       used 31747K, capacity 32489K, committed 32560K, reserved 1077248K
  class space    used 4186K, capacity 4473K, committed 4480K, reserved 1048576K
}
Event: 14.976 GC heap before
{Heap before GC invocations=7 (full 0):
 garbage-first heap   total 129024K, used 29250K [0x0000000080000000, 0x0000000100000000)
  region size 1024K, 14 young (14336K), 5 survivors (5120K)
 Metaspace       used 34841K, capacity 35607K, committed 35708K, reserved 1081344K
  class space    used 4531K, capacity 4832K, committed 4864K, reserved 1048576K
}
Event: 15.012 GC heap after
{Heap after GC invocations=8 (full 0):
 garbage-first heap   total 129024K, used 22993K [0x0000000080000000, 0x0000000100000000)
  region size 1024K, 6 young (6144K), 6 survivors (6144K)
 Metaspace       used 34841K, capacity 35607K, committed 35708K, reserved 1081344K
  class space    used 4531K, capacity 4832K, committed 4864K, reserved 1048576K
}
Event: 17.219 GC heap before
{Heap before GC invocations=9 (full 0):
 garbage-first heap   total 129024K, used 74193K [0x0000000080000000, 0x0000000100000000)
  region size 1024K, 54 young (55296K), 6 survivors (6144K)
 Metaspace       used 38723K, capacity 39632K, committed 39804K, reserved 1083392K
  class space    used 4925K, capacity 5251K, committed 5376K, reserved 1048576K
}
Event: 17.240 GC heap after
{Heap after GC invocations=10 (full 0):
 garbage-first heap   total 129024K, used 26620K [0x0000000080000000, 0x0000000100000000)
  region size 1024K, 6 young (6144K), 6 survivors (6144K)
 Metaspace       used 38723K, capacity 39632K, committed 39804K, reserved 1083392K
  class space    used 4925K, capacity 5251K, committed 5376K, reserved 1048576K
}
Event: 18.975 GC heap before
{Heap before GC invocations=10 (full 0):
 garbage-first heap   total 129024K, used 77820K [0x0000000080000000, 0x0000000100000000)
  region size 1024K, 55 young (56320K), 6 survivors (6144K)
 Metaspace       used 43172K, capacity 44245K, committed 44412K, reserved 1087488K
  class space    used 5502K, capacity 5887K, committed 5888K, reserved 1048576K
}
Event: 18.991 GC heap after
{Heap after GC invocations=11 (full 0):
 garbage-first heap   total 129024K, used 28600K [0x0000000080000000, 0x0000000100000000)
  region size 1024K, 3 young (3072K), 3 survivors (3072K)
 Metaspace       used 43172K, capacity 44245K, committed 44412K, reserved 1087488K
  class space    used 5502K, capacity 5887K, committed 5888K, reserved 1048576K
}
Event: 21.440 GC heap before
{Heap before GC invocations=11 (full 0):
 garbage-first heap   total 129024K, used 80824K [0x0000000080000000, 0x0000000100000000)
  region size 1024K, 55 young (56320K), 3 survivors (3072K)
 Metaspace       used 46792K, capacity 47970K, committed 48124K, reserved 1091584K
  class space    used 5990K, capacity 6425K, committed 6528K, reserved 1048576K
}
Event: 21.451 GC heap after
{Heap after GC invocations=12 (full 0):
 garbage-first heap   total 129024K, used 30568K [0x0000000080000000, 0x0000000100000000)
  region size 1024K, 5 young (5120K), 5 survivors (5120K)
 Metaspace       used 46792K, capacity 47970K, committed 48124K, reserved 1091584K
  class space    used 5990K, capacity 6425K, committed 6528K, reserved 1048576K
}

