# JRE version: OpenJDK Runtime Environment (11.0.10) (build 11.0.10+0-b96-7249189)
# Java VM: OpenJDK 64-Bit Server VM (11.0.10+0-b96-7249189, mixed mode, tiered, compressed oops, g1 gc, windows-amd64)
Heap:
 garbage-first heap   total 155648K, used 78833K [0x0000000080000000, 0x0000000100000000)
  region size 1024K, 49 young (50176K), 5 survivors (5120K)
 Metaspace       used 50018K, capacity 51336K, committed 51532K, reserved 1093632K
  class space    used 6380K, capacity 6850K, committed 6988K, reserved 1048576K
GC Heap History (20 events):
Event: 2.140 GC heap before
{Heap before GC invocations=0 (full 0):
 garbage-first heap   total 129024K, used 29696K [0x0000000080000000, 0x0000000100000000)
  region size 1024K, 24 young (24576K), 0 survivors (0K)
 Metaspace       used 9800K, capacity 9986K, committed 10112K, reserved 1058816K
  class space    used 1022K, capacity 1102K, committed 1152K, reserved 1048576K
}
Event: 2.155 GC heap after
{Heap after GC invocations=1 (full 0):
 garbage-first heap   total 129024K, used 8904K [0x0000000080000000, 0x0000000100000000)
  region size 1024K, 3 young (3072K), 3 survivors (3072K)
 Metaspace       used 9800K, capacity 9986K, committed 10112K, reserved 1058816K
  class space    used 1022K, capacity 1102K, committed 1152K, reserved 1048576K
}
Event: 3.081 GC heap before
{Heap before GC invocations=1 (full 0):
 garbage-first heap   total 129024K, used 30408K [0x0000000080000000, 0x0000000100000000)
  region size 1024K, 24 young (24576K), 3 survivors (3072K)
 Metaspace       used 10716K, capacity 10939K, committed 11264K, reserved 1058816K
  class space    used 1123K, capacity 1206K, committed 1280K, reserved 1048576K
}
Event: 3.090 GC heap after
{Heap after GC invocations=2 (full 0):
 garbage-first heap   total 129024K, used 10330K [0x0000000080000000, 0x0000000100000000)
  region size 1024K, 1 young (1024K), 1 survivors (1024K)
 Metaspace       used 10716K, capacity 10939K, committed 11264K, reserved 1058816K
  class space    used 1123K, capacity 1206K, committed 1280K, reserved 1048576K
}
Event: 8.792 GC heap before
{Heap before GC invocations=2 (full 0):
 garbage-first heap   total 129024K, used 59482K [0x0000000080000000, 0x0000000100000000)
  region size 1024K, 48 young (49152K), 1 survivors (1024K)
 Metaspace       used 17502K, capacity 17895K, committed 18048K, reserved 1064960K
  class space    used 2044K, capacity 2172K, committed 2176K, reserved 1048576K
}
Event: 8.806 GC heap after
{Heap after GC invocations=3 (full 0):
 garbage-first heap   total 129024K, used 16490K [0x0000000080000000, 0x0000000100000000)
  region size 1024K, 6 young (6144K), 6 survivors (6144K)
 Metaspace       used 17502K, capacity 17895K, committed 18048K, reserved 1064960K
  class space    used 2044K, capacity 2172K, committed 2176K, reserved 1048576K
}
Event: 9.587 GC heap before
{Heap before GC invocations=3 (full 0):
 garbage-first heap   total 129024K, used 43114K [0x0000000080000000, 0x0000000100000000)
  region size 1024K, 33 young (33792K), 6 survivors (6144K)
 Metaspace       used 20639K, capacity 21119K, committed 21248K, reserved 1067008K
  class space    used 2520K, capacity 2720K, committed 2816K, reserved 1048576K
}
Event: 9.605 GC heap after
{Heap after GC invocations=4 (full 0):
 garbage-first heap   total 129024K, used 17345K [0x0000000080000000, 0x0000000100000000)
  region size 1024K, 1 young (1024K), 1 survivors (1024K)
 Metaspace       used 20639K, capacity 21119K, committed 21248K, reserved 1067008K
  class space    used 2520K, capacity 2720K, committed 2816K, reserved 1048576K
}
Event: 11.082 GC heap before
{Heap before GC invocations=5 (full 0):
 garbage-first heap   total 129024K, used 65473K [0x0000000080000000, 0x0000000100000000)
  region size 1024K, 49 young (50176K), 1 survivors (1024K)
 Metaspace       used 25645K, capacity 26259K, committed 26368K, reserved 1073152K
  class space    used 3351K, capacity 3566K, committed 3584K, reserved 1048576K
}
Event: 11.092 GC heap after
{Heap after GC invocations=6 (full 0):
 garbage-first heap   total 129024K, used 19019K [0x0000000080000000, 0x0000000100000000)
  region size 1024K, 3 young (3072K), 3 survivors (3072K)
 Metaspace       used 25645K, capacity 26259K, committed 26368K, reserved 1073152K
  class space    used 3351K, capacity 3566K, committed 3584K, reserved 1048576K
}
Event: 13.047 GC heap before
{Heap before GC invocations=6 (full 0):
 garbage-first heap   total 129024K, used 71243K [0x0000000080000000, 0x0000000100000000)
  region size 1024K, 54 young (55296K), 3 survivors (3072K)
 Metaspace       used 31730K, capacity 32425K, committed 32640K, reserved 1077248K
  class space    used 4186K, capacity 4473K, committed 4480K, reserved 1048576K
}
Event: 13.058 GC heap after
{Heap after GC invocations=7 (full 0):
 garbage-first heap   total 129024K, used 21246K [0x0000000080000000, 0x0000000100000000)
  region size 1024K, 5 young (5120K), 5 survivors (5120K)
 Metaspace       used 31730K, capacity 32425K, committed 32640K, reserved 1077248K
  class space    used 4186K, capacity 4473K, committed 4480K, reserved 1048576K
}
Event: 13.687 GC heap before
{Heap before GC invocations=7 (full 0):
 garbage-first heap   total 129024K, used 29438K [0x0000000080000000, 0x0000000100000000)
  region size 1024K, 14 young (14336K), 5 survivors (5120K)
 Metaspace       used 35023K, capacity 35832K, committed 35840K, reserved 1081344K
  class space    used 4531K, capacity 4864K, committed 4864K, reserved 1048576K
}
Event: 13.714 GC heap after
{Heap after GC invocations=8 (full 0):
 garbage-first heap   total 129024K, used 22914K [0x0000000080000000, 0x0000000100000000)
  region size 1024K, 6 young (6144K), 6 survivors (6144K)
 Metaspace       used 35023K, capacity 35832K, committed 35840K, reserved 1081344K
  class space    used 4531K, capacity 4864K, committed 4864K, reserved 1048576K
}
Event: 15.332 GC heap before
{Heap before GC invocations=9 (full 0):
 garbage-first heap   total 129024K, used 75138K [0x0000000080000000, 0x0000000100000000)
  region size 1024K, 54 young (55296K), 6 survivors (6144K)
 Metaspace       used 38692K, capacity 39633K, committed 39884K, reserved 1083392K
  class space    used 4922K, capacity 5251K, committed 5324K, reserved 1048576K
}
Event: 15.356 GC heap after
{Heap after GC invocations=10 (full 0):
 garbage-first heap   total 129024K, used 26621K [0x0000000080000000, 0x0000000100000000)
  region size 1024K, 7 young (7168K), 7 survivors (7168K)
 Metaspace       used 38692K, capacity 39633K, committed 39884K, reserved 1083392K
  class space    used 4922K, capacity 5251K, committed 5324K, reserved 1048576K
}
Event: 17.394 GC heap before
{Heap before GC invocations=10 (full 0):
 garbage-first heap   total 129024K, used 77821K [0x0000000080000000, 0x0000000100000000)
  region size 1024K, 57 young (58368K), 7 survivors (7168K)
 Metaspace       used 43255K, capacity 44386K, committed 44620K, reserved 1087488K
  class space    used 5512K, capacity 5892K, committed 5964K, reserved 1048576K
}
Event: 17.416 GC heap after
{Heap after GC invocations=11 (full 0):
 garbage-first heap   total 129024K, used 29232K [0x0000000080000000, 0x0000000100000000)
  region size 1024K, 6 young (6144K), 6 survivors (6144K)
 Metaspace       used 43255K, capacity 44386K, committed 44620K, reserved 1087488K
  class space    used 5512K, capacity 5892K, committed 5964K, reserved 1048576K
}
Event: 19.097 GC heap before
{Heap before GC invocations=11 (full 0):
 garbage-first heap   total 129024K, used 81456K [0x0000000080000000, 0x0000000100000000)
  region size 1024K, 57 young (58368K), 6 survivors (6144K)
 Metaspace       used 46757K, capacity 48004K, committed 48204K, reserved 1091584K
  class space    used 5996K, capacity 6437K, committed 6476K, reserved 1048576K
}
Event: 19.121 GC heap after
{Heap after GC invocations=12 (full 0):
 garbage-first heap   total 155648K, used 31729K [0x0000000080000000, 0x0000000100000000)
  region size 1024K, 5 young (5120K), 5 survivors (5120K)
 Metaspace       used 46757K, capacity 48004K, committed 48204K, reserved 1091584K
  class space    used 5996K, capacity 6437K, committed 6476K, reserved 1048576K
}

