# JRE version: OpenJDK Runtime Environment (11.0.10) (build 11.0.10+0-b96-7249189)
# Java VM: OpenJDK 64-Bit Server VM (11.0.10+0-b96-7249189, mixed mode, tiered, compressed oops, g1 gc, windows-amd64)
Heap:
 garbage-first heap   total 225280K, used 173772K [0x0000000080000000, 0x0000000100000000)
  region size 1024K, 52 young (53248K), 8 survivors (8192K)
 Metaspace       used 122486K, capacity 125652K, committed 125776K, reserved 1159168K
  class space    used 15460K, capacity 16595K, committed 16640K, reserved 1048576K
GC Heap History (20 events):
Event: 3252.767 GC heap before
{Heap before GC invocations=51 (full 0):
 garbage-first heap   total 187392K, used 166847K [0x0000000080000000, 0x0000000100000000)
  region size 1024K, 35 young (35840K), 1 survivors (1024K)
 Metaspace       used 106366K, capacity 109117K, committed 110032K, reserved 1144832K
  class space    used 13429K, capacity 14408K, committed 14720K, reserved 1048576K
}
Event: 3252.780 GC heap after
{Heap after GC invocations=52 (full 0):
 garbage-first heap   total 187392K, used 121202K [0x0000000080000000, 0x0000000100000000)
  region size 1024K, 4 young (4096K), 4 survivors (4096K)
 Metaspace       used 106366K, capacity 109117K, committed 110032K, reserved 1144832K
  class space    used 13429K, capacity 14408K, committed 14720K, reserved 1048576K
}
Event: 3253.719 GC heap before
{Heap before GC invocations=53 (full 0):
 garbage-first heap   total 187392K, used 153970K [0x0000000080000000, 0x0000000100000000)
  region size 1024K, 37 young (37888K), 4 survivors (4096K)
 Metaspace       used 108188K, capacity 110974K, committed 111952K, reserved 1146880K
  class space    used 13564K, capacity 14536K, committed 14848K, reserved 1048576K
}
Event: 3253.735 GC heap after
{Heap after GC invocations=54 (full 0):
 garbage-first heap   total 187392K, used 122629K [0x0000000080000000, 0x0000000100000000)
  region size 1024K, 2 young (2048K), 2 survivors (2048K)
 Metaspace       used 108188K, capacity 110974K, committed 111952K, reserved 1146880K
  class space    used 13564K, capacity 14536K, committed 14848K, reserved 1048576K
}
Event: 3253.807 GC heap before
{Heap before GC invocations=54 (full 0):
 garbage-first heap   total 187392K, used 129797K [0x0000000080000000, 0x0000000100000000)
  region size 1024K, 9 young (9216K), 2 survivors (2048K)
 Metaspace       used 108209K, capacity 110974K, committed 111952K, reserved 1146880K
  class space    used 13564K, capacity 14536K, committed 14848K, reserved 1048576K
}
Event: 3253.832 GC heap after
{Heap after GC invocations=55 (full 0):
 garbage-first heap   total 187392K, used 111514K [0x0000000080000000, 0x0000000100000000)
  region size 1024K, 1 young (1024K), 1 survivors (1024K)
 Metaspace       used 108209K, capacity 110974K, committed 111952K, reserved 1146880K
  class space    used 13564K, capacity 14536K, committed 14848K, reserved 1048576K
}
Event: 3253.969 GC heap before
{Heap before GC invocations=55 (full 0):
 garbage-first heap   total 187392K, used 118682K [0x0000000080000000, 0x0000000100000000)
  region size 1024K, 9 young (9216K), 1 survivors (1024K)
 Metaspace       used 108315K, capacity 111102K, committed 111952K, reserved 1146880K
  class space    used 13571K, capacity 14536K, committed 14848K, reserved 1048576K
}
Event: 3253.986 GC heap after
{Heap after GC invocations=56 (full 0):
 garbage-first heap   total 187392K, used 112011K [0x0000000080000000, 0x0000000100000000)
  region size 1024K, 2 young (2048K), 2 survivors (2048K)
 Metaspace       used 108315K, capacity 111102K, committed 111952K, reserved 1146880K
  class space    used 13571K, capacity 14536K, committed 14848K, reserved 1048576K
}
Event: 3254.962 GC heap before
{Heap before GC invocations=56 (full 0):
 garbage-first heap   total 187392K, used 150923K [0x0000000080000000, 0x0000000100000000)
  region size 1024K, 40 young (40960K), 2 survivors (2048K)
 Metaspace       used 109642K, capacity 112416K, committed 113360K, reserved 1148928K
  class space    used 13699K, capacity 14674K, committed 14976K, reserved 1048576K
}
Event: 3254.974 GC heap after
{Heap after GC invocations=57 (full 0):
 garbage-first heap   total 187392K, used 113236K [0x0000000080000000, 0x0000000100000000)
  region size 1024K, 3 young (3072K), 3 survivors (3072K)
 Metaspace       used 109642K, capacity 112416K, committed 113360K, reserved 1148928K
  class space    used 13699K, capacity 14674K, committed 14976K, reserved 1048576K
}
Event: 3256.284 GC heap before
{Heap before GC invocations=57 (full 0):
 garbage-first heap   total 187392K, used 152148K [0x0000000080000000, 0x0000000100000000)
  region size 1024K, 41 young (41984K), 3 survivors (3072K)
 Metaspace       used 111686K, capacity 114454K, committed 115152K, reserved 1148928K
  class space    used 13965K, capacity 14967K, committed 15232K, reserved 1048576K
}
Event: 3256.293 GC heap after
{Heap after GC invocations=58 (full 0):
 garbage-first heap   total 187392K, used 113738K [0x0000000080000000, 0x0000000100000000)
  region size 1024K, 3 young (3072K), 3 survivors (3072K)
 Metaspace       used 111686K, capacity 114454K, committed 115152K, reserved 1148928K
  class space    used 13965K, capacity 14967K, committed 15232K, reserved 1048576K
}
Event: 3257.581 GC heap before
{Heap before GC invocations=58 (full 0):
 garbage-first heap   total 187392K, used 153674K [0x0000000080000000, 0x0000000100000000)
  region size 1024K, 43 young (44032K), 3 survivors (3072K)
 Metaspace       used 113372K, capacity 116162K, committed 116944K, reserved 1150976K
  class space    used 14156K, capacity 15145K, committed 15488K, reserved 1048576K
}
Event: 3257.597 GC heap after
{Heap after GC invocations=59 (full 0):
 garbage-first heap   total 187392K, used 116725K [0x0000000080000000, 0x0000000100000000)
  region size 1024K, 6 young (6144K), 6 survivors (6144K)
 Metaspace       used 113372K, capacity 116162K, committed 116944K, reserved 1150976K
  class space    used 14156K, capacity 15145K, committed 15488K, reserved 1048576K
}
Event: 3258.706 GC heap before
{Heap before GC invocations=59 (full 0):
 garbage-first heap   total 187392K, used 154613K [0x0000000080000000, 0x0000000100000000)
  region size 1024K, 44 young (45056K), 6 survivors (6144K)
 Metaspace       used 114366K, capacity 117140K, committed 117712K, reserved 1150976K
  class space    used 14273K, capacity 15270K, committed 15488K, reserved 1048576K
}
Event: 3258.738 GC heap after
{Heap after GC invocations=60 (full 0):
 garbage-first heap   total 225280K, used 119728K [0x0000000080000000, 0x0000000100000000)
  region size 1024K, 6 young (6144K), 6 survivors (6144K)
 Metaspace       used 114366K, capacity 117140K, committed 117712K, reserved 1150976K
  class space    used 14273K, capacity 15270K, committed 15488K, reserved 1048576K
}
Event: 3260.280 GC heap before
{Heap before GC invocations=60 (full 0):
 garbage-first heap   total 225280K, used 175024K [0x0000000080000000, 0x0000000100000000)
  region size 1024K, 59 young (60416K), 6 survivors (6144K)
 Metaspace       used 116505K, capacity 119442K, committed 119888K, reserved 1153024K
  class space    used 14574K, capacity 15647K, committed 15872K, reserved 1048576K
}
Event: 3260.301 GC heap after
{Heap after GC invocations=61 (full 0):
 garbage-first heap   total 225280K, used 122673K [0x0000000080000000, 0x0000000100000000)
  region size 1024K, 6 young (6144K), 6 survivors (6144K)
 Metaspace       used 116505K, capacity 119442K, committed 119888K, reserved 1153024K
  class space    used 14574K, capacity 15647K, committed 15872K, reserved 1048576K
}
Event: 3261.678 GC heap before
{Heap before GC invocations=61 (full 0):
 garbage-first heap   total 225280K, used 175921K [0x0000000080000000, 0x0000000100000000)
  region size 1024K, 59 young (60416K), 6 survivors (6144K)
 Metaspace       used 119386K, capacity 122419K, committed 122576K, reserved 1155072K
  class space    used 15047K, capacity 16152K, committed 16256K, reserved 1048576K
}
Event: 3261.715 GC heap after
{Heap after GC invocations=62 (full 0):
 garbage-first heap   total 225280K, used 129740K [0x0000000080000000, 0x0000000100000000)
  region size 1024K, 8 young (8192K), 8 survivors (8192K)
 Metaspace       used 119386K, capacity 122419K, committed 122576K, reserved 1155072K
  class space    used 15047K, capacity 16152K, committed 16256K, reserved 1048576K
}

