# JRE version: OpenJDK Runtime Environment (11.0.10) (build 11.0.10+0-b96-7249189)
# Java VM: OpenJDK 64-Bit Server VM (11.0.10+0-b96-7249189, mixed mode, tiered, compressed oops, g1 gc, windows-amd64)
Heap:
 garbage-first heap   total 187392K, used 125029K [0x0000000080000000, 0x0000000100000000)
  region size 1024K, 39 young (39936K), 1 survivors (1024K)
 Metaspace       used 107791K, capacity 110844K, committed 111164K, reserved 1146880K
  class space    used 13595K, capacity 14754K, committed 14848K, reserved 1048576K
GC Heap History (20 events):
Event: 263.381 GC heap before
{Heap before GC invocations=31 (full 0):
 garbage-first heap   total 187392K, used 131500K [0x0000000080000000, 0x0000000100000000)
  region size 1024K, 50 young (51200K), 2 survivors (2048K)
 Metaspace       used 90463K, capacity 92848K, committed 92988K, reserved 1130496K
  class space    used 11408K, capacity 12242K, committed 12288K, reserved 1048576K
}
Event: 263.550 GC heap after
{Heap after GC invocations=32 (full 0):
 garbage-first heap   total 187392K, used 99880K [0x0000000080000000, 0x0000000100000000)
  region size 1024K, 8 young (8192K), 8 survivors (8192K)
 Metaspace       used 90463K, capacity 92848K, committed 92988K, reserved 1130496K
  class space    used 11408K, capacity 12242K, committed 12288K, reserved 1048576K
}
Event: 298.869 GC heap before
{Heap before GC invocations=33 (full 0):
 garbage-first heap   total 187392K, used 153128K [0x0000000080000000, 0x0000000100000000)
  region size 1024K, 49 young (50176K), 8 survivors (8192K)
 Metaspace       used 90719K, capacity 93165K, committed 93372K, reserved 1130496K
  class space    used 11426K, capacity 12305K, committed 12416K, reserved 1048576K
}
Event: 298.909 GC heap after
{Heap after GC invocations=34 (full 0):
 garbage-first heap   total 187392K, used 107278K [0x0000000080000000, 0x0000000100000000)
  region size 1024K, 5 young (5120K), 5 survivors (5120K)
 Metaspace       used 90719K, capacity 93165K, committed 93372K, reserved 1130496K
  class space    used 11426K, capacity 12305K, committed 12416K, reserved 1048576K
}
Event: 299.193 GC heap before
{Heap before GC invocations=34 (full 0):
 garbage-first heap   total 187392K, used 110350K [0x0000000080000000, 0x0000000100000000)
  region size 1024K, 9 young (9216K), 5 survivors (5120K)
 Metaspace       used 90800K, capacity 93301K, committed 93628K, reserved 1130496K
  class space    used 11435K, capacity 12323K, committed 12416K, reserved 1048576K
}
Event: 299.216 GC heap after
{Heap after GC invocations=35 (full 0):
 garbage-first heap   total 187392K, used 107720K [0x0000000080000000, 0x0000000100000000)
  region size 1024K, 2 young (2048K), 2 survivors (2048K)
 Metaspace       used 90800K, capacity 93301K, committed 93628K, reserved 1130496K
  class space    used 11435K, capacity 12323K, committed 12416K, reserved 1048576K
}
Event: 299.386 GC heap before
{Heap before GC invocations=35 (full 0):
 garbage-first heap   total 187392K, used 112840K [0x0000000080000000, 0x0000000100000000)
  region size 1024K, 8 young (8192K), 2 survivors (2048K)
 Metaspace       used 90811K, capacity 93303K, committed 93628K, reserved 1130496K
  class space    used 11435K, capacity 12323K, committed 12416K, reserved 1048576K
}
Event: 299.403 GC heap after
{Heap after GC invocations=36 (full 0):
 garbage-first heap   total 187392K, used 107617K [0x0000000080000000, 0x0000000100000000)
  region size 1024K, 2 young (2048K), 2 survivors (2048K)
 Metaspace       used 90811K, capacity 93303K, committed 93628K, reserved 1130496K
  class space    used 11435K, capacity 12323K, committed 12416K, reserved 1048576K
}
Event: 300.812 GC heap before
{Heap before GC invocations=37 (full 0):
 garbage-first heap   total 187392K, used 149601K [0x0000000080000000, 0x0000000100000000)
  region size 1024K, 42 young (43008K), 2 survivors (2048K)
 Metaspace       used 91007K, capacity 93556K, committed 93884K, reserved 1130496K
  class space    used 11441K, capacity 12333K, committed 12416K, reserved 1048576K
}
Event: 300.825 GC heap after
{Heap after GC invocations=38 (full 0):
 garbage-first heap   total 187392K, used 93148K [0x0000000080000000, 0x0000000100000000)
  region size 1024K, 2 young (2048K), 2 survivors (2048K)
 Metaspace       used 91007K, capacity 93556K, committed 93884K, reserved 1130496K
  class space    used 11441K, capacity 12333K, committed 12416K, reserved 1048576K
}
Event: 306.350 GC heap before
{Heap before GC invocations=38 (full 0):
 garbage-first heap   total 187392K, used 99292K [0x0000000080000000, 0x0000000100000000)
  region size 1024K, 9 young (9216K), 2 survivors (2048K)
 Metaspace       used 91372K, capacity 93915K, committed 94140K, reserved 1130496K
  class space    used 11478K, capacity 12368K, committed 12416K, reserved 1048576K
}
Event: 306.365 GC heap after
{Heap after GC invocations=39 (full 0):
 garbage-first heap   total 187392K, used 78669K [0x0000000080000000, 0x0000000100000000)
  region size 1024K, 1 young (1024K), 1 survivors (1024K)
 Metaspace       used 91372K, capacity 93915K, committed 94140K, reserved 1130496K
  class space    used 11478K, capacity 12368K, committed 12416K, reserved 1048576K
}
Event: 308.245 GC heap before
{Heap before GC invocations=39 (full 0):
 garbage-first heap   total 187392K, used 136013K [0x0000000080000000, 0x0000000100000000)
  region size 1024K, 58 young (59392K), 1 survivors (1024K)
 Metaspace       used 92150K, capacity 94651K, committed 94780K, reserved 1132544K
  class space    used 11557K, capacity 12442K, committed 12544K, reserved 1048576K
}
Event: 308.257 GC heap after
{Heap after GC invocations=40 (full 0):
 garbage-first heap   total 187392K, used 80625K [0x0000000080000000, 0x0000000100000000)
  region size 1024K, 3 young (3072K), 3 survivors (3072K)
 Metaspace       used 92150K, capacity 94651K, committed 94780K, reserved 1132544K
  class space    used 11557K, capacity 12442K, committed 12544K, reserved 1048576K
}
Event: 311.461 GC heap before
{Heap before GC invocations=40 (full 0):
 garbage-first heap   total 187392K, used 131825K [0x0000000080000000, 0x0000000100000000)
  region size 1024K, 55 young (56320K), 3 survivors (3072K)
 Metaspace       used 99230K, capacity 101751K, committed 101820K, reserved 1138688K
  class space    used 12447K, capacity 13382K, committed 13440K, reserved 1048576K
}
Event: 311.519 GC heap after
{Heap after GC invocations=41 (full 0):
 garbage-first heap   total 187392K, used 85128K [0x0000000080000000, 0x0000000100000000)
  region size 1024K, 8 young (8192K), 8 survivors (8192K)
 Metaspace       used 99230K, capacity 101751K, committed 101820K, reserved 1138688K
  class space    used 12447K, capacity 13382K, committed 13440K, reserved 1048576K
}
Event: 323.151 GC heap before
{Heap before GC invocations=42 (full 0):
 garbage-first heap   total 187392K, used 146568K [0x0000000080000000, 0x0000000100000000)
  region size 1024K, 64 young (65536K), 8 survivors (8192K)
 Metaspace       used 102558K, capacity 105323K, committed 105660K, reserved 1140736K
  class space    used 12816K, capacity 13825K, committed 13952K, reserved 1048576K
}
Event: 323.175 GC heap after
{Heap after GC invocations=43 (full 0):
 garbage-first heap   total 187392K, used 88056K [0x0000000080000000, 0x0000000100000000)
  region size 1024K, 3 young (3072K), 3 survivors (3072K)
 Metaspace       used 102558K, capacity 105323K, committed 105660K, reserved 1140736K
  class space    used 12816K, capacity 13825K, committed 13952K, reserved 1048576K
}
Event: 323.344 GC heap before
{Heap before GC invocations=43 (full 0):
 garbage-first heap   total 187392K, used 93176K [0x0000000080000000, 0x0000000100000000)
  region size 1024K, 9 young (9216K), 3 survivors (3072K)
 Metaspace       used 103144K, capacity 105910K, committed 106172K, reserved 1142784K
  class space    used 12878K, capacity 13891K, committed 13952K, reserved 1048576K
}
Event: 323.355 GC heap after
{Heap after GC invocations=44 (full 0):
 garbage-first heap   total 187392K, used 88165K [0x0000000080000000, 0x0000000100000000)
  region size 1024K, 1 young (1024K), 1 survivors (1024K)
 Metaspace       used 103144K, capacity 105910K, committed 106172K, reserved 1142784K
  class space    used 12878K, capacity 13891K, committed 13952K, reserved 1048576K
}

