# JRE version: OpenJDK Runtime Environment (11.0.10) (build 11.0.10+0-b96-7249189)
# Java VM: OpenJDK 64-Bit Server VM (11.0.10+0-b96-7249189, mixed mode, tiered, compressed oops, g1 gc, windows-amd64)
Heap:
 garbage-first heap   total 155648K, used 41352K [0x0000000080000000, 0x0000000100000000)
  region size 1024K, 9 young (9216K), 9 survivors (9216K)
 Metaspace       used 48035K, capacity 49336K, committed 49408K, reserved 1091584K
  class space    used 6148K, capacity 6609K, committed 6656K, reserved 1048576K
GC Heap History (19 events):
Event: 2.207 GC heap before
{Heap before GC invocations=0 (full 0):
 garbage-first heap   total 129024K, used 29696K [0x0000000080000000, 0x0000000100000000)
  region size 1024K, 24 young (24576K), 0 survivors (0K)
 Metaspace       used 9792K, capacity 9986K, committed 10112K, reserved 1058816K
  class space    used 1022K, capacity 1102K, committed 1152K, reserved 1048576K
}
Event: 2.223 GC heap after
{Heap after GC invocations=1 (full 0):
 garbage-first heap   total 129024K, used 8995K [0x0000000080000000, 0x0000000100000000)
  region size 1024K, 3 young (3072K), 3 survivors (3072K)
 Metaspace       used 9792K, capacity 9986K, committed 10112K, reserved 1058816K
  class space    used 1022K, capacity 1102K, committed 1152K, reserved 1048576K
}
Event: 3.221 GC heap before
{Heap before GC invocations=1 (full 0):
 garbage-first heap   total 129024K, used 30499K [0x0000000080000000, 0x0000000100000000)
  region size 1024K, 24 young (24576K), 3 survivors (3072K)
 Metaspace       used 10717K, capacity 11003K, committed 11264K, reserved 1058816K
  class space    used 1123K, capacity 1206K, committed 1280K, reserved 1048576K
}
Event: 3.230 GC heap after
{Heap after GC invocations=2 (full 0):
 garbage-first heap   total 129024K, used 9773K [0x0000000080000000, 0x0000000100000000)
  region size 1024K, 1 young (1024K), 1 survivors (1024K)
 Metaspace       used 10717K, capacity 11003K, committed 11264K, reserved 1058816K
  class space    used 1123K, capacity 1206K, committed 1280K, reserved 1048576K
}
Event: 8.895 GC heap before
{Heap before GC invocations=2 (full 0):
 garbage-first heap   total 129024K, used 57901K [0x0000000080000000, 0x0000000100000000)
  region size 1024K, 47 young (48128K), 1 survivors (1024K)
 Metaspace       used 17439K, capacity 17895K, committed 18048K, reserved 1064960K
  class space    used 2034K, capacity 2172K, committed 2176K, reserved 1048576K
}
Event: 8.909 GC heap after
{Heap after GC invocations=3 (full 0):
 garbage-first heap   total 129024K, used 16443K [0x0000000080000000, 0x0000000100000000)
  region size 1024K, 6 young (6144K), 6 survivors (6144K)
 Metaspace       used 17439K, capacity 17895K, committed 18048K, reserved 1064960K
  class space    used 2034K, capacity 2172K, committed 2176K, reserved 1048576K
}
Event: 9.674 GC heap before
{Heap before GC invocations=3 (full 0):
 garbage-first heap   total 129024K, used 44091K [0x0000000080000000, 0x0000000100000000)
  region size 1024K, 34 young (34816K), 6 survivors (6144K)
 Metaspace       used 20631K, capacity 21119K, committed 21248K, reserved 1067008K
  class space    used 2519K, capacity 2720K, committed 2816K, reserved 1048576K
}
Event: 9.688 GC heap after
{Heap after GC invocations=4 (full 0):
 garbage-first heap   total 129024K, used 17092K [0x0000000080000000, 0x0000000100000000)
  region size 1024K, 1 young (1024K), 1 survivors (1024K)
 Metaspace       used 20631K, capacity 21119K, committed 21248K, reserved 1067008K
  class space    used 2519K, capacity 2720K, committed 2816K, reserved 1048576K
}
Event: 11.208 GC heap before
{Heap before GC invocations=5 (full 0):
 garbage-first heap   total 129024K, used 65220K [0x0000000080000000, 0x0000000100000000)
  region size 1024K, 49 young (50176K), 1 survivors (1024K)
 Metaspace       used 25668K, capacity 26291K, committed 26496K, reserved 1073152K
  class space    used 3352K, capacity 3598K, committed 3712K, reserved 1048576K
}
Event: 11.215 GC heap after
{Heap after GC invocations=6 (full 0):
 garbage-first heap   total 129024K, used 18732K [0x0000000080000000, 0x0000000100000000)
  region size 1024K, 3 young (3072K), 3 survivors (3072K)
 Metaspace       used 25668K, capacity 26291K, committed 26496K, reserved 1073152K
  class space    used 3352K, capacity 3598K, committed 3712K, reserved 1048576K
}
Event: 13.290 GC heap before
{Heap before GC invocations=6 (full 0):
 garbage-first heap   total 129024K, used 71980K [0x0000000080000000, 0x0000000100000000)
  region size 1024K, 55 young (56320K), 3 survivors (3072K)
 Metaspace       used 32296K, capacity 33078K, committed 33152K, reserved 1077248K
  class space    used 4216K, capacity 4476K, committed 4480K, reserved 1048576K
}
Event: 13.304 GC heap after
{Heap after GC invocations=7 (full 0):
 garbage-first heap   total 129024K, used 21451K [0x0000000080000000, 0x0000000100000000)
  region size 1024K, 6 young (6144K), 6 survivors (6144K)
 Metaspace       used 32296K, capacity 33078K, committed 33152K, reserved 1077248K
  class space    used 4216K, capacity 4476K, committed 4480K, reserved 1048576K
}
Event: 13.788 GC heap before
{Heap before GC invocations=7 (full 0):
 garbage-first heap   total 129024K, used 28619K [0x0000000080000000, 0x0000000100000000)
  region size 1024K, 14 young (14336K), 6 survivors (6144K)
 Metaspace       used 35012K, capacity 35800K, committed 35840K, reserved 1081344K
  class space    used 4531K, capacity 4832K, committed 4864K, reserved 1048576K
}
Event: 13.811 GC heap after
{Heap after GC invocations=8 (full 0):
 garbage-first heap   total 129024K, used 22939K [0x0000000080000000, 0x0000000100000000)
  region size 1024K, 5 young (5120K), 5 survivors (5120K)
 Metaspace       used 35012K, capacity 35800K, committed 35840K, reserved 1081344K
  class space    used 4531K, capacity 4832K, committed 4864K, reserved 1048576K
}
Event: 15.729 GC heap before
{Heap before GC invocations=9 (full 0):
 garbage-first heap   total 129024K, used 85403K [0x0000000080000000, 0x0000000100000000)
  region size 1024K, 63 young (64512K), 5 survivors (5120K)
 Metaspace       used 39077K, capacity 39964K, committed 40192K, reserved 1083392K
  class space    used 4990K, capacity 5319K, committed 5376K, reserved 1048576K
}
Event: 15.754 GC heap after
{Heap after GC invocations=10 (full 0):
 garbage-first heap   total 129024K, used 27289K [0x0000000080000000, 0x0000000100000000)
  region size 1024K, 8 young (8192K), 8 survivors (8192K)
 Metaspace       used 39077K, capacity 39964K, committed 40192K, reserved 1083392K
  class space    used 4990K, capacity 5319K, committed 5376K, reserved 1048576K
}
Event: 17.966 GC heap before
{Heap before GC invocations=10 (full 0):
 garbage-first heap   total 129024K, used 89753K [0x0000000080000000, 0x0000000100000000)
  region size 1024K, 69 young (70656K), 8 survivors (8192K)
 Metaspace       used 44747K, capacity 45841K, committed 46208K, reserved 1089536K
  class space    used 5745K, capacity 6145K, committed 6272K, reserved 1048576K
}
Event: 17.990 GC heap after
{Heap after GC invocations=11 (full 0):
 garbage-first heap   total 129024K, used 29511K [0x0000000080000000, 0x0000000100000000)
  region size 1024K, 7 young (7168K), 7 survivors (7168K)
 Metaspace       used 44747K, capacity 45841K, committed 46208K, reserved 1089536K
  class space    used 5745K, capacity 6145K, committed 6272K, reserved 1048576K
}
Event: 20.212 GC heap before
{Heap before GC invocations=11 (full 0):
 garbage-first heap   total 129024K, used 95047K [0x0000000080000000, 0x0000000100000000)
  region size 1024K, 68 young (69632K), 7 survivors (7168K)
 Metaspace       used 48035K, capacity 49336K, committed 49408K, reserved 1091584K
  class space    used 6148K, capacity 6609K, committed 6656K, reserved 1048576K
}

