# JRE version: OpenJDK Runtime Environment (11.0.10) (build 11.0.10+0-b96-7249189)
# Java VM: OpenJDK 64-Bit Server VM (11.0.10+0-b96-7249189, mixed mode, tiered, compressed oops, g1 gc, windows-amd64)
Heap:
 garbage-first heap   total 155648K, used 75776K [0x0000000080000000, 0x0000000100000000)
  region size 1024K, 44 young (45056K), 10 survivors (10240K)
 Metaspace       used 55702K, capacity 57014K, committed 57212K, reserved 1099776K
  class space    used 7058K, capacity 7564K, committed 7680K, reserved 1048576K
GC Heap History (18 events):
Event: 1.986 GC heap before
{Heap before GC invocations=0 (full 0):
 garbage-first heap   total 129024K, used 29696K [0x0000000080000000, 0x0000000100000000)
  region size 1024K, 24 young (24576K), 0 survivors (0K)
 Metaspace       used 9803K, capacity 9986K, committed 10112K, reserved 1058816K
  class space    used 1021K, capacity 1102K, committed 1152K, reserved 1048576K
}
Event: 2.001 GC heap after
{Heap after GC invocations=1 (full 0):
 garbage-first heap   total 129024K, used 8924K [0x0000000080000000, 0x0000000100000000)
  region size 1024K, 3 young (3072K), 3 survivors (3072K)
 Metaspace       used 9803K, capacity 9986K, committed 10112K, reserved 1058816K
  class space    used 1021K, capacity 1102K, committed 1152K, reserved 1048576K
}
Event: 2.908 GC heap before
{Heap before GC invocations=1 (full 0):
 garbage-first heap   total 129024K, used 30428K [0x0000000080000000, 0x0000000100000000)
  region size 1024K, 24 young (24576K), 3 survivors (3072K)
 Metaspace       used 10720K, capacity 11003K, committed 11264K, reserved 1058816K
  class space    used 1122K, capacity 1206K, committed 1280K, reserved 1048576K
}
Event: 2.921 GC heap after
{Heap after GC invocations=2 (full 0):
 garbage-first heap   total 129024K, used 9719K [0x0000000080000000, 0x0000000100000000)
  region size 1024K, 1 young (1024K), 1 survivors (1024K)
 Metaspace       used 10720K, capacity 11003K, committed 11264K, reserved 1058816K
  class space    used 1122K, capacity 1206K, committed 1280K, reserved 1048576K
}
Event: 8.706 GC heap before
{Heap before GC invocations=2 (full 0):
 garbage-first heap   total 129024K, used 55799K [0x0000000080000000, 0x0000000100000000)
  region size 1024K, 46 young (47104K), 1 survivors (1024K)
 Metaspace       used 17395K, capacity 17831K, committed 18048K, reserved 1064960K
  class space    used 2017K, capacity 2172K, committed 2176K, reserved 1048576K
}
Event: 8.718 GC heap after
{Heap after GC invocations=3 (full 0):
 garbage-first heap   total 129024K, used 15785K [0x0000000080000000, 0x0000000100000000)
  region size 1024K, 6 young (6144K), 6 survivors (6144K)
 Metaspace       used 17395K, capacity 17831K, committed 18048K, reserved 1064960K
  class space    used 2017K, capacity 2172K, committed 2176K, reserved 1048576K
}
Event: 9.520 GC heap before
{Heap before GC invocations=3 (full 0):
 garbage-first heap   total 129024K, used 44457K [0x0000000080000000, 0x0000000100000000)
  region size 1024K, 35 young (35840K), 6 survivors (6144K)
 Metaspace       used 20634K, capacity 21151K, committed 21296K, reserved 1069056K
  class space    used 2513K, capacity 2688K, committed 2688K, reserved 1048576K
}
Event: 9.537 GC heap after
{Heap after GC invocations=4 (full 0):
 garbage-first heap   total 129024K, used 17423K [0x0000000080000000, 0x0000000100000000)
  region size 1024K, 2 young (2048K), 2 survivors (2048K)
 Metaspace       used 20634K, capacity 21151K, committed 21296K, reserved 1069056K
  class space    used 2513K, capacity 2688K, committed 2688K, reserved 1048576K
}
Event: 10.969 GC heap before
{Heap before GC invocations=5 (full 0):
 garbage-first heap   total 129024K, used 66575K [0x0000000080000000, 0x0000000100000000)
  region size 1024K, 50 young (51200K), 2 survivors (2048K)
 Metaspace       used 25648K, capacity 26259K, committed 26288K, reserved 1073152K
  class space    used 3350K, capacity 3566K, committed 3584K, reserved 1048576K
}
Event: 10.978 GC heap after
{Heap after GC invocations=6 (full 0):
 garbage-first heap   total 129024K, used 19081K [0x0000000080000000, 0x0000000100000000)
  region size 1024K, 3 young (3072K), 3 survivors (3072K)
 Metaspace       used 25648K, capacity 26259K, committed 26288K, reserved 1073152K
  class space    used 3350K, capacity 3566K, committed 3584K, reserved 1048576K
}
Event: 13.379 GC heap before
{Heap before GC invocations=6 (full 0):
 garbage-first heap   total 129024K, used 79497K [0x0000000080000000, 0x0000000100000000)
  region size 1024K, 64 young (65536K), 3 survivors (3072K)
 Metaspace       used 34808K, capacity 35608K, committed 35708K, reserved 1081344K
  class space    used 4528K, capacity 4832K, committed 4864K, reserved 1048576K
}
Event: 13.408 GC heap after
{Heap after GC invocations=7 (full 0):
 garbage-first heap   total 129024K, used 23143K [0x0000000080000000, 0x0000000100000000)
  region size 1024K, 7 young (7168K), 7 survivors (7168K)
 Metaspace       used 34808K, capacity 35608K, committed 35708K, reserved 1081344K
  class space    used 4528K, capacity 4832K, committed 4864K, reserved 1048576K
}
Event: 15.564 GC heap before
{Heap before GC invocations=8 (full 0):
 garbage-first heap   total 129024K, used 88679K [0x0000000080000000, 0x0000000100000000)
  region size 1024K, 68 young (69632K), 7 survivors (7168K)
 Metaspace       used 39493K, capacity 40432K, committed 40700K, reserved 1085440K
  class space    used 5044K, capacity 5390K, committed 5504K, reserved 1048576K
}
Event: 15.595 GC heap after
{Heap after GC invocations=9 (full 0):
 garbage-first heap   total 129024K, used 27602K [0x0000000080000000, 0x0000000100000000)
  region size 1024K, 9 young (9216K), 9 survivors (9216K)
 Metaspace       used 39493K, capacity 40432K, committed 40700K, reserved 1085440K
  class space    used 5044K, capacity 5390K, committed 5504K, reserved 1048576K
}
Event: 17.821 GC heap before
{Heap before GC invocations=9 (full 0):
 garbage-first heap   total 129024K, used 90066K [0x0000000080000000, 0x0000000100000000)
  region size 1024K, 70 young (71680K), 9 survivors (9216K)
 Metaspace       used 45097K, capacity 46173K, committed 46332K, reserved 1089536K
  class space    used 5792K, capacity 6192K, committed 6272K, reserved 1048576K
}
Event: 17.846 GC heap after
{Heap after GC invocations=10 (full 0):
 garbage-first heap   total 155648K, used 29642K [0x0000000080000000, 0x0000000100000000)
  region size 1024K, 3 young (3072K), 3 survivors (3072K)
 Metaspace       used 45097K, capacity 46173K, committed 46332K, reserved 1089536K
  class space    used 5792K, capacity 6192K, committed 6272K, reserved 1048576K
}
Event: 20.670 GC heap before
{Heap before GC invocations=10 (full 0):
 garbage-first heap   total 155648K, used 107466K [0x0000000080000000, 0x0000000100000000)
  region size 1024K, 76 young (77824K), 3 survivors (3072K)
 Metaspace       used 50320K, capacity 51610K, committed 51836K, reserved 1093632K
  class space    used 6424K, capacity 6877K, committed 6912K, reserved 1048576K
}
Event: 20.686 GC heap after
{Heap after GC invocations=11 (full 0):
 garbage-first heap   total 155648K, used 41984K [0x0000000080000000, 0x0000000100000000)
  region size 1024K, 10 young (10240K), 10 survivors (10240K)
 Metaspace       used 50320K, capacity 51610K, committed 51836K, reserved 1093632K
  class space    used 6424K, capacity 6877K, committed 6912K, reserved 1048576K
}

