# JRE version: OpenJDK Runtime Environment (11.0.10) (build 11.0.10+0-b96-7249189)
# Java VM: OpenJDK 64-Bit Server VM (11.0.10+0-b96-7249189, mixed mode, tiered, compressed oops, g1 gc, windows-amd64)
Heap:
 garbage-first heap   total 155648K, used 41547K [0x0000000080000000, 0x0000000100000000)
  region size 1024K, 9 young (9216K), 9 survivors (9216K)
 Metaspace       used 48175K, capacity 49436K, committed 49584K, reserved 1091584K
  class space    used 6167K, capacity 6642K, committed 6656K, reserved 1048576K
GC Heap History (19 events):
Event: 2.116 GC heap before
{Heap before GC invocations=0 (full 0):
 garbage-first heap   total 129024K, used 29696K [0x0000000080000000, 0x0000000100000000)
  region size 1024K, 24 young (24576K), 0 survivors (0K)
 Metaspace       used 9787K, capacity 9986K, committed 10112K, reserved 1058816K
  class space    used 1022K, capacity 1102K, committed 1152K, reserved 1048576K
}
Event: 2.132 GC heap after
{Heap after GC invocations=1 (full 0):
 garbage-first heap   total 129024K, used 9081K [0x0000000080000000, 0x0000000100000000)
  region size 1024K, 3 young (3072K), 3 survivors (3072K)
 Metaspace       used 9787K, capacity 9986K, committed 10112K, reserved 1058816K
  class space    used 1022K, capacity 1102K, committed 1152K, reserved 1048576K
}
Event: 3.119 GC heap before
{Heap before GC invocations=1 (full 0):
 garbage-first heap   total 129024K, used 30585K [0x0000000080000000, 0x0000000100000000)
  region size 1024K, 24 young (24576K), 3 survivors (3072K)
 Metaspace       used 10711K, capacity 10939K, committed 11264K, reserved 1058816K
  class space    used 1123K, capacity 1206K, committed 1280K, reserved 1048576K
}
Event: 3.128 GC heap after
{Heap after GC invocations=2 (full 0):
 garbage-first heap   total 129024K, used 9828K [0x0000000080000000, 0x0000000100000000)
  region size 1024K, 1 young (1024K), 1 survivors (1024K)
 Metaspace       used 10711K, capacity 10939K, committed 11264K, reserved 1058816K
  class space    used 1123K, capacity 1206K, committed 1280K, reserved 1048576K
}
Event: 8.786 GC heap before
{Heap before GC invocations=2 (full 0):
 garbage-first heap   total 129024K, used 57956K [0x0000000080000000, 0x0000000100000000)
  region size 1024K, 47 young (48128K), 1 survivors (1024K)
 Metaspace       used 17455K, capacity 17895K, committed 18048K, reserved 1064960K
  class space    used 2034K, capacity 2172K, committed 2176K, reserved 1048576K
}
Event: 8.800 GC heap after
{Heap after GC invocations=3 (full 0):
 garbage-first heap   total 129024K, used 15981K [0x0000000080000000, 0x0000000100000000)
  region size 1024K, 6 young (6144K), 6 survivors (6144K)
 Metaspace       used 17455K, capacity 17895K, committed 18048K, reserved 1064960K
  class space    used 2034K, capacity 2172K, committed 2176K, reserved 1048576K
}
Event: 9.603 GC heap before
{Heap before GC invocations=3 (full 0):
 garbage-first heap   total 129024K, used 43629K [0x0000000080000000, 0x0000000100000000)
  region size 1024K, 34 young (34816K), 6 survivors (6144K)
 Metaspace       used 20622K, capacity 21151K, committed 21296K, reserved 1069056K
  class space    used 2513K, capacity 2688K, committed 2688K, reserved 1048576K
}
Event: 9.619 GC heap after
{Heap after GC invocations=4 (full 0):
 garbage-first heap   total 129024K, used 16780K [0x0000000080000000, 0x0000000100000000)
  region size 1024K, 1 young (1024K), 1 survivors (1024K)
 Metaspace       used 20622K, capacity 21151K, committed 21296K, reserved 1069056K
  class space    used 2513K, capacity 2688K, committed 2688K, reserved 1048576K
}
Event: 11.204 GC heap before
{Heap before GC invocations=5 (full 0):
 garbage-first heap   total 129024K, used 64908K [0x0000000080000000, 0x0000000100000000)
  region size 1024K, 49 young (50176K), 1 survivors (1024K)
 Metaspace       used 25711K, capacity 26291K, committed 26416K, reserved 1073152K
  class space    used 3357K, capacity 3598K, committed 3712K, reserved 1048576K
}
Event: 11.212 GC heap after
{Heap after GC invocations=6 (full 0):
 garbage-first heap   total 129024K, used 18478K [0x0000000080000000, 0x0000000100000000)
  region size 1024K, 3 young (3072K), 3 survivors (3072K)
 Metaspace       used 25711K, capacity 26291K, committed 26416K, reserved 1073152K
  class space    used 3357K, capacity 3598K, committed 3712K, reserved 1048576K
}
Event: 13.289 GC heap before
{Heap before GC invocations=6 (full 0):
 garbage-first heap   total 129024K, used 71726K [0x0000000080000000, 0x0000000100000000)
  region size 1024K, 55 young (56320K), 3 survivors (3072K)
 Metaspace       used 32465K, capacity 33240K, committed 33456K, reserved 1079296K
  class space    used 4224K, capacity 4510K, committed 4608K, reserved 1048576K
}
Event: 13.304 GC heap after
{Heap after GC invocations=7 (full 0):
 garbage-first heap   total 129024K, used 21033K [0x0000000080000000, 0x0000000100000000)
  region size 1024K, 6 young (6144K), 6 survivors (6144K)
 Metaspace       used 32465K, capacity 33240K, committed 33456K, reserved 1079296K
  class space    used 4224K, capacity 4510K, committed 4608K, reserved 1048576K
}
Event: 13.759 GC heap before
{Heap before GC invocations=7 (full 0):
 garbage-first heap   total 129024K, used 27177K [0x0000000080000000, 0x0000000100000000)
  region size 1024K, 14 young (14336K), 6 survivors (6144K)
 Metaspace       used 34833K, capacity 35608K, committed 35708K, reserved 1081344K
  class space    used 4531K, capacity 4832K, committed 4864K, reserved 1048576K
}
Event: 13.785 GC heap after
{Heap after GC invocations=8 (full 0):
 garbage-first heap   total 129024K, used 22529K [0x0000000080000000, 0x0000000100000000)
  region size 1024K, 5 young (5120K), 5 survivors (5120K)
 Metaspace       used 34833K, capacity 35608K, committed 35708K, reserved 1081344K
  class space    used 4531K, capacity 4832K, committed 4864K, reserved 1048576K
}
Event: 15.684 GC heap before
{Heap before GC invocations=9 (full 0):
 garbage-first heap   total 129024K, used 82945K [0x0000000080000000, 0x0000000100000000)
  region size 1024K, 62 young (63488K), 5 survivors (5120K)
 Metaspace       used 39091K, capacity 39964K, committed 40112K, reserved 1083392K
  class space    used 4989K, capacity 5319K, committed 5376K, reserved 1048576K
}
Event: 15.705 GC heap after
{Heap after GC invocations=10 (full 0):
 garbage-first heap   total 129024K, used 27091K [0x0000000080000000, 0x0000000100000000)
  region size 1024K, 8 young (8192K), 8 survivors (8192K)
 Metaspace       used 39091K, capacity 39964K, committed 40112K, reserved 1083392K
  class space    used 4989K, capacity 5319K, committed 5376K, reserved 1048576K
}
Event: 17.860 GC heap before
{Heap before GC invocations=10 (full 0):
 garbage-first heap   total 129024K, used 90579K [0x0000000080000000, 0x0000000100000000)
  region size 1024K, 69 young (70656K), 8 survivors (8192K)
 Metaspace       used 44797K, capacity 45908K, committed 46128K, reserved 1089536K
  class space    used 5752K, capacity 6146K, committed 6272K, reserved 1048576K
}
Event: 17.882 GC heap after
{Heap after GC invocations=11 (full 0):
 garbage-first heap   total 129024K, used 29313K [0x0000000080000000, 0x0000000100000000)
  region size 1024K, 7 young (7168K), 7 survivors (7168K)
 Metaspace       used 44797K, capacity 45908K, committed 46128K, reserved 1089536K
  class space    used 5752K, capacity 6146K, committed 6272K, reserved 1048576K
}
Event: 20.109 GC heap before
{Heap before GC invocations=11 (full 0):
 garbage-first heap   total 129024K, used 94849K [0x0000000080000000, 0x0000000100000000)
  region size 1024K, 68 young (69632K), 7 survivors (7168K)
 Metaspace       used 48175K, capacity 49436K, committed 49584K, reserved 1091584K
  class space    used 6167K, capacity 6642K, committed 6656K, reserved 1048576K
}

