# JRE version: OpenJDK Runtime Environment (11.0.10) (build 11.0.10+0-b96-7249189)
# Java VM: OpenJDK 64-Bit Server VM (11.0.10+0-b96-7249189, mixed mode, tiered, compressed oops, g1 gc, windows-amd64)
Heap:
 garbage-first heap   total 155648K, used 39730K [0x0000000080000000, 0x0000000100000000)
  region size 1024K, 14 young (14336K), 3 survivors (3072K)
 Metaspace       used 45737K, capacity 46954K, committed 47052K, reserved 1089536K
  class space    used 5868K, capacity 6301K, committed 6348K, reserved 1048576K
GC Heap History (16 events):
Event: 2.194 GC heap before
{Heap before GC invocations=0 (full 0):
 garbage-first heap   total 129024K, used 29696K [0x0000000080000000, 0x0000000100000000)
  region size 1024K, 24 young (24576K), 0 survivors (0K)
 Metaspace       used 9800K, capacity 9986K, committed 10112K, reserved 1058816K
  class space    used 1022K, capacity 1102K, committed 1152K, reserved 1048576K
}
Event: 2.210 GC heap after
{Heap after GC invocations=1 (full 0):
 garbage-first heap   total 129024K, used 9098K [0x0000000080000000, 0x0000000100000000)
  region size 1024K, 3 young (3072K), 3 survivors (3072K)
 Metaspace       used 9800K, capacity 9986K, committed 10112K, reserved 1058816K
  class space    used 1022K, capacity 1102K, committed 1152K, reserved 1048576K
}
Event: 3.119 GC heap before
{Heap before GC invocations=1 (full 0):
 garbage-first heap   total 129024K, used 30602K [0x0000000080000000, 0x0000000100000000)
  region size 1024K, 24 young (24576K), 3 survivors (3072K)
 Metaspace       used 10713K, capacity 10939K, committed 11264K, reserved 1058816K
  class space    used 1123K, capacity 1206K, committed 1280K, reserved 1048576K
}
Event: 3.129 GC heap after
{Heap after GC invocations=2 (full 0):
 garbage-first heap   total 129024K, used 9625K [0x0000000080000000, 0x0000000100000000)
  region size 1024K, 1 young (1024K), 1 survivors (1024K)
 Metaspace       used 10713K, capacity 10939K, committed 11264K, reserved 1058816K
  class space    used 1123K, capacity 1206K, committed 1280K, reserved 1048576K
}
Event: 8.891 GC heap before
{Heap before GC invocations=2 (full 0):
 garbage-first heap   total 129024K, used 56729K [0x0000000080000000, 0x0000000100000000)
  region size 1024K, 47 young (48128K), 1 survivors (1024K)
 Metaspace       used 17440K, capacity 17895K, committed 18048K, reserved 1064960K
  class space    used 2034K, capacity 2172K, committed 2176K, reserved 1048576K
}
Event: 8.905 GC heap after
{Heap after GC invocations=3 (full 0):
 garbage-first heap   total 129024K, used 15714K [0x0000000080000000, 0x0000000100000000)
  region size 1024K, 6 young (6144K), 6 survivors (6144K)
 Metaspace       used 17440K, capacity 17895K, committed 18048K, reserved 1064960K
  class space    used 2034K, capacity 2172K, committed 2176K, reserved 1048576K
}
Event: 9.706 GC heap before
{Heap before GC invocations=3 (full 0):
 garbage-first heap   total 129024K, used 43362K [0x0000000080000000, 0x0000000100000000)
  region size 1024K, 34 young (34816K), 6 survivors (6144K)
 Metaspace       used 20629K, capacity 21119K, committed 21248K, reserved 1067008K
  class space    used 2518K, capacity 2720K, committed 2816K, reserved 1048576K
}
Event: 9.726 GC heap after
{Heap after GC invocations=4 (full 0):
 garbage-first heap   total 129024K, used 17257K [0x0000000080000000, 0x0000000100000000)
  region size 1024K, 2 young (2048K), 2 survivors (2048K)
 Metaspace       used 20629K, capacity 21119K, committed 21248K, reserved 1067008K
  class space    used 2518K, capacity 2720K, committed 2816K, reserved 1048576K
}
Event: 11.137 GC heap before
{Heap before GC invocations=5 (full 0):
 garbage-first heap   total 129024K, used 65385K [0x0000000080000000, 0x0000000100000000)
  region size 1024K, 50 young (51200K), 2 survivors (2048K)
 Metaspace       used 25685K, capacity 26291K, committed 26496K, reserved 1073152K
  class space    used 3357K, capacity 3598K, committed 3712K, reserved 1048576K
}
Event: 11.145 GC heap after
{Heap after GC invocations=6 (full 0):
 garbage-first heap   total 129024K, used 18899K [0x0000000080000000, 0x0000000100000000)
  region size 1024K, 3 young (3072K), 3 survivors (3072K)
 Metaspace       used 25685K, capacity 26291K, committed 26496K, reserved 1073152K
  class space    used 3357K, capacity 3598K, committed 3712K, reserved 1048576K
}
Event: 13.649 GC heap before
{Heap before GC invocations=6 (full 0):
 garbage-first heap   total 129024K, used 78291K [0x0000000080000000, 0x0000000100000000)
  region size 1024K, 63 young (64512K), 3 survivors (3072K)
 Metaspace       used 35045K, capacity 35832K, committed 35840K, reserved 1081344K
  class space    used 4539K, capacity 4864K, committed 4864K, reserved 1048576K
}
Event: 13.679 GC heap after
{Heap after GC invocations=7 (full 0):
 garbage-first heap   total 129024K, used 22422K [0x0000000080000000, 0x0000000100000000)
  region size 1024K, 7 young (7168K), 7 survivors (7168K)
 Metaspace       used 35045K, capacity 35832K, committed 35840K, reserved 1081344K
  class space    used 4539K, capacity 4864K, committed 4864K, reserved 1048576K
}
Event: 15.847 GC heap before
{Heap before GC invocations=8 (full 0):
 garbage-first heap   total 129024K, used 86934K [0x0000000080000000, 0x0000000100000000)
  region size 1024K, 67 young (68608K), 7 survivors (7168K)
 Metaspace       used 39437K, capacity 40333K, committed 40524K, reserved 1085440K
  class space    used 5029K, capacity 5357K, committed 5452K, reserved 1048576K
}
Event: 15.870 GC heap after
{Heap after GC invocations=9 (full 0):
 garbage-first heap   total 129024K, used 27392K [0x0000000080000000, 0x0000000100000000)
  region size 1024K, 9 young (9216K), 9 survivors (9216K)
 Metaspace       used 39437K, capacity 40333K, committed 40524K, reserved 1085440K
  class space    used 5029K, capacity 5357K, committed 5452K, reserved 1048576K
}
Event: 17.929 GC heap before
{Heap before GC invocations=9 (full 0):
 garbage-first heap   total 129024K, used 88832K [0x0000000080000000, 0x0000000100000000)
  region size 1024K, 69 young (70656K), 9 survivors (9216K)
 Metaspace       used 44915K, capacity 46069K, committed 46156K, reserved 1089536K
  class space    used 5767K, capacity 6156K, committed 6220K, reserved 1048576K
}
Event: 17.960 GC heap after
{Heap after GC invocations=10 (full 0):
 garbage-first heap   total 155648K, used 29490K [0x0000000080000000, 0x0000000100000000)
  region size 1024K, 3 young (3072K), 3 survivors (3072K)
 Metaspace       used 44915K, capacity 46069K, committed 46156K, reserved 1089536K
  class space    used 5767K, capacity 6156K, committed 6220K, reserved 1048576K
}

