# JRE version: OpenJDK Runtime Environment (11.0.10) (build 11.0.10+0-b96-7249189)
# Java VM: OpenJDK 64-Bit Server VM (11.0.10+0-b96-7249189, mixed mode, tiered, compressed oops, g1 gc, windows-amd64)
Heap:
 garbage-first heap   total 155648K, used 41993K [0x0000000080000000, 0x0000000100000000)
  region size 1024K, 16 young (16384K), 3 survivors (3072K)
 Metaspace       used 45966K, capacity 47146K, committed 47484K, reserved 1091584K
  class space    used 5884K, capacity 6300K, committed 6400K, reserved 1048576K
GC Heap History (18 events):
Event: 2.156 GC heap before
{Heap before GC invocations=0 (full 0):
 garbage-first heap   total 129024K, used 29696K [0x0000000080000000, 0x0000000100000000)
  region size 1024K, 24 young (24576K), 0 survivors (0K)
 Metaspace       used 9798K, capacity 9986K, committed 10112K, reserved 1058816K
  class space    used 1022K, capacity 1102K, committed 1152K, reserved 1048576K
}
Event: 2.172 GC heap after
{Heap after GC invocations=1 (full 0):
 garbage-first heap   total 129024K, used 8928K [0x0000000080000000, 0x0000000100000000)
  region size 1024K, 3 young (3072K), 3 survivors (3072K)
 Metaspace       used 9798K, capacity 9986K, committed 10112K, reserved 1058816K
  class space    used 1022K, capacity 1102K, committed 1152K, reserved 1048576K
}
Event: 2.941 GC heap before
{Heap before GC invocations=1 (full 0):
 garbage-first heap   total 129024K, used 26336K [0x0000000080000000, 0x0000000100000000)
  region size 1024K, 20 young (20480K), 3 survivors (3072K)
 Metaspace       used 10709K, capacity 10939K, committed 11264K, reserved 1058816K
  class space    used 1123K, capacity 1206K, committed 1280K, reserved 1048576K
}
Event: 2.949 GC heap after
{Heap after GC invocations=2 (full 0):
 garbage-first heap   total 129024K, used 9905K [0x0000000080000000, 0x0000000100000000)
  region size 1024K, 1 young (1024K), 1 survivors (1024K)
 Metaspace       used 10709K, capacity 10939K, committed 11264K, reserved 1058816K
  class space    used 1123K, capacity 1206K, committed 1280K, reserved 1048576K
}
Event: 8.481 GC heap before
{Heap before GC invocations=2 (full 0):
 garbage-first heap   total 129024K, used 53937K [0x0000000080000000, 0x0000000100000000)
  region size 1024K, 43 young (44032K), 1 survivors (1024K)
 Metaspace       used 15789K, capacity 16180K, committed 16384K, reserved 1062912K
  class space    used 1796K, capacity 1931K, committed 2048K, reserved 1048576K
}
Event: 8.493 GC heap after
{Heap after GC invocations=3 (full 0):
 garbage-first heap   total 129024K, used 15680K [0x0000000080000000, 0x0000000100000000)
  region size 1024K, 6 young (6144K), 6 survivors (6144K)
 Metaspace       used 15789K, capacity 16180K, committed 16384K, reserved 1062912K
  class space    used 1796K, capacity 1931K, committed 2048K, reserved 1048576K
}
Event: 9.679 GC heap before
{Heap before GC invocations=3 (full 0):
 garbage-first heap   total 129024K, used 50496K [0x0000000080000000, 0x0000000100000000)
  region size 1024K, 41 young (41984K), 6 survivors (6144K)
 Metaspace       used 20641K, capacity 21151K, committed 21296K, reserved 1069056K
  class space    used 2514K, capacity 2688K, committed 2688K, reserved 1048576K
}
Event: 9.702 GC heap after
{Heap after GC invocations=4 (full 0):
 garbage-first heap   total 129024K, used 17551K [0x0000000080000000, 0x0000000100000000)
  region size 1024K, 2 young (2048K), 2 survivors (2048K)
 Metaspace       used 20641K, capacity 21151K, committed 21296K, reserved 1069056K
  class space    used 2514K, capacity 2688K, committed 2688K, reserved 1048576K
}
Event: 11.145 GC heap before
{Heap before GC invocations=5 (full 0):
 garbage-first heap   total 129024K, used 66703K [0x0000000080000000, 0x0000000100000000)
  region size 1024K, 50 young (51200K), 2 survivors (2048K)
 Metaspace       used 25704K, capacity 26355K, committed 26672K, reserved 1073152K
  class space    used 3354K, capacity 3598K, committed 3712K, reserved 1048576K
}
Event: 11.153 GC heap after
{Heap after GC invocations=6 (full 0):
 garbage-first heap   total 129024K, used 19128K [0x0000000080000000, 0x0000000100000000)
  region size 1024K, 4 young (4096K), 4 survivors (4096K)
 Metaspace       used 25704K, capacity 26355K, committed 26672K, reserved 1073152K
  class space    used 3354K, capacity 3598K, committed 3712K, reserved 1048576K
}
Event: 13.692 GC heap before
{Heap before GC invocations=6 (full 0):
 garbage-first heap   total 129024K, used 76472K [0x0000000080000000, 0x0000000100000000)
  region size 1024K, 60 young (61440K), 4 survivors (4096K)
 Metaspace       used 34313K, capacity 35108K, committed 35120K, reserved 1079296K
  class space    used 4452K, capacity 4730K, committed 4736K, reserved 1048576K
}
Event: 13.708 GC heap after
{Heap after GC invocations=7 (full 0):
 garbage-first heap   total 129024K, used 22572K [0x0000000080000000, 0x0000000100000000)
  region size 1024K, 7 young (7168K), 7 survivors (7168K)
 Metaspace       used 34313K, capacity 35108K, committed 35120K, reserved 1079296K
  class space    used 4452K, capacity 4730K, committed 4736K, reserved 1048576K
}
Event: 13.826 GC heap before
{Heap before GC invocations=7 (full 0):
 garbage-first heap   total 129024K, used 24620K [0x0000000080000000, 0x0000000100000000)
  region size 1024K, 10 young (10240K), 7 survivors (7168K)
 Metaspace       used 34781K, capacity 35608K, committed 35708K, reserved 1081344K
  class space    used 4524K, capacity 4832K, committed 4864K, reserved 1048576K
}
Event: 13.848 GC heap after
{Heap after GC invocations=8 (full 0):
 garbage-first heap   total 129024K, used 22868K [0x0000000080000000, 0x0000000100000000)
  region size 1024K, 6 young (6144K), 6 survivors (6144K)
 Metaspace       used 34781K, capacity 35608K, committed 35708K, reserved 1081344K
  class space    used 4524K, capacity 4832K, committed 4864K, reserved 1048576K
}
Event: 16.116 GC heap before
{Heap before GC invocations=9 (full 0):
 garbage-first heap   total 129024K, used 89428K [0x0000000080000000, 0x0000000100000000)
  region size 1024K, 69 young (70656K), 6 survivors (6144K)
 Metaspace       used 39569K, capacity 40496K, committed 40700K, reserved 1085440K
  class space    used 5050K, capacity 5390K, committed 5504K, reserved 1048576K
}
Event: 16.142 GC heap after
{Heap after GC invocations=10 (full 0):
 garbage-first heap   total 129024K, used 27726K [0x0000000080000000, 0x0000000100000000)
  region size 1024K, 9 young (9216K), 9 survivors (9216K)
 Metaspace       used 39569K, capacity 40496K, committed 40700K, reserved 1085440K
  class space    used 5050K, capacity 5390K, committed 5504K, reserved 1048576K
}
Event: 18.201 GC heap before
{Heap before GC invocations=10 (full 0):
 garbage-first heap   total 129024K, used 89166K [0x0000000080000000, 0x0000000100000000)
  region size 1024K, 69 young (70656K), 9 survivors (9216K)
 Metaspace       used 45119K, capacity 46302K, committed 46588K, reserved 1089536K
  class space    used 5791K, capacity 6192K, committed 6272K, reserved 1048576K
}
Event: 18.231 GC heap after
{Heap after GC invocations=11 (full 0):
 garbage-first heap   total 155648K, used 29705K [0x0000000080000000, 0x0000000100000000)
  region size 1024K, 3 young (3072K), 3 survivors (3072K)
 Metaspace       used 45119K, capacity 46302K, committed 46588K, reserved 1089536K
  class space    used 5791K, capacity 6192K, committed 6272K, reserved 1048576K
}

