# JRE version: OpenJDK Runtime Environment (11.0.10) (build 11.0.10+0-b96-7249189)
# Java VM: OpenJDK 64-Bit Server VM (11.0.10+0-b96-7249189, mixed mode, tiered, compressed oops, g1 gc, windows-amd64)
Heap:
 garbage-first heap   total 155648K, used 58711K [0x0000000080000000, 0x0000000100000000)
  region size 1024K, 18 young (18432K), 9 survivors (9216K)
 Metaspace       used 63958K, capacity 65531K, committed 65660K, reserved 1105920K
  class space    used 8124K, capacity 8681K, committed 8704K, reserved 1048576K
GC Heap History (20 events):
Event: 3.269 GC heap before
{Heap before GC invocations=1 (full 0):
 garbage-first heap   total 129024K, used 30524K [0x0000000080000000, 0x0000000100000000)
  region size 1024K, 24 young (24576K), 3 survivors (3072K)
 Metaspace       used 10719K, capacity 11003K, committed 11264K, reserved 1058816K
  class space    used 1122K, capacity 1206K, committed 1280K, reserved 1048576K
}
Event: 3.280 GC heap after
{Heap after GC invocations=2 (full 0):
 garbage-first heap   total 129024K, used 9673K [0x0000000080000000, 0x0000000100000000)
  region size 1024K, 1 young (1024K), 1 survivors (1024K)
 Metaspace       used 10719K, capacity 11003K, committed 11264K, reserved 1058816K
  class space    used 1122K, capacity 1206K, committed 1280K, reserved 1048576K
}
Event: 10.206 GC heap before
{Heap before GC invocations=2 (full 0):
 garbage-first heap   total 129024K, used 57801K [0x0000000080000000, 0x0000000100000000)
  region size 1024K, 47 young (48128K), 1 survivors (1024K)
 Metaspace       used 17490K, capacity 17895K, committed 18048K, reserved 1064960K
  class space    used 2034K, capacity 2172K, committed 2176K, reserved 1048576K
}
Event: 10.225 GC heap after
{Heap after GC invocations=3 (full 0):
 garbage-first heap   total 129024K, used 15673K [0x0000000080000000, 0x0000000100000000)
  region size 1024K, 6 young (6144K), 6 survivors (6144K)
 Metaspace       used 17490K, capacity 17895K, committed 18048K, reserved 1064960K
  class space    used 2034K, capacity 2172K, committed 2176K, reserved 1048576K
}
Event: 11.432 GC heap before
{Heap before GC invocations=3 (full 0):
 garbage-first heap   total 129024K, used 43321K [0x0000000080000000, 0x0000000100000000)
  region size 1024K, 34 young (34816K), 6 survivors (6144K)
 Metaspace       used 20645K, capacity 21151K, committed 21296K, reserved 1069056K
  class space    used 2513K, capacity 2688K, committed 2688K, reserved 1048576K
}
Event: 11.456 GC heap after
{Heap after GC invocations=4 (full 0):
 garbage-first heap   total 129024K, used 17136K [0x0000000080000000, 0x0000000100000000)
  region size 1024K, 2 young (2048K), 2 survivors (2048K)
 Metaspace       used 20645K, capacity 21151K, committed 21296K, reserved 1069056K
  class space    used 2513K, capacity 2688K, committed 2688K, reserved 1048576K
}
Event: 15.918 GC heap before
{Heap before GC invocations=5 (full 0):
 garbage-first heap   total 129024K, used 65264K [0x0000000080000000, 0x0000000100000000)
  region size 1024K, 50 young (51200K), 2 survivors (2048K)
 Metaspace       used 25818K, capacity 26419K, committed 26672K, reserved 1073152K
  class space    used 3358K, capacity 3598K, committed 3712K, reserved 1048576K
}
Event: 15.929 GC heap after
{Heap after GC invocations=6 (full 0):
 garbage-first heap   total 129024K, used 18730K [0x0000000080000000, 0x0000000100000000)
  region size 1024K, 3 young (3072K), 3 survivors (3072K)
 Metaspace       used 25818K, capacity 26419K, committed 26672K, reserved 1073152K
  class space    used 3358K, capacity 3598K, committed 3712K, reserved 1048576K
}
Event: 20.230 GC heap before
{Heap before GC invocations=6 (full 0):
 garbage-first heap   total 129024K, used 77098K [0x0000000080000000, 0x0000000100000000)
  region size 1024K, 61 young (62464K), 3 survivors (3072K)
 Metaspace       used 34805K, capacity 35607K, committed 35708K, reserved 1081344K
  class space    used 4530K, capacity 4832K, committed 4864K, reserved 1048576K
}
Event: 20.270 GC heap after
{Heap after GC invocations=7 (full 0):
 garbage-first heap   total 129024K, used 22247K [0x0000000080000000, 0x0000000100000000)
  region size 1024K, 7 young (7168K), 7 survivors (7168K)
 Metaspace       used 34805K, capacity 35607K, committed 35708K, reserved 1081344K
  class space    used 4530K, capacity 4832K, committed 4864K, reserved 1048576K
}
Event: 24.641 GC heap before
{Heap before GC invocations=8 (full 0):
 garbage-first heap   total 129024K, used 84711K [0x0000000080000000, 0x0000000100000000)
  region size 1024K, 66 young (67584K), 7 survivors (7168K)
 Metaspace       used 39325K, capacity 40259K, committed 40316K, reserved 1085440K
  class space    used 5013K, capacity 5353K, committed 5376K, reserved 1048576K
}
Event: 24.669 GC heap after
{Heap after GC invocations=9 (full 0):
 garbage-first heap   total 129024K, used 27274K [0x0000000080000000, 0x0000000100000000)
  region size 1024K, 9 young (9216K), 9 survivors (9216K)
 Metaspace       used 39325K, capacity 40259K, committed 40316K, reserved 1085440K
  class space    used 5013K, capacity 5353K, committed 5376K, reserved 1048576K
}
Event: 27.376 GC heap before
{Heap before GC invocations=9 (full 0):
 garbage-first heap   total 129024K, used 87690K [0x0000000080000000, 0x0000000100000000)
  region size 1024K, 68 young (69632K), 9 survivors (9216K)
 Metaspace       used 44846K, capacity 46002K, committed 46332K, reserved 1089536K
  class space    used 5755K, capacity 6177K, committed 6272K, reserved 1048576K
}
Event: 27.410 GC heap after
{Heap after GC invocations=10 (full 0):
 garbage-first heap   total 129024K, used 29134K [0x0000000080000000, 0x0000000100000000)
  region size 1024K, 3 young (3072K), 3 survivors (3072K)
 Metaspace       used 44846K, capacity 46002K, committed 46332K, reserved 1089536K
  class space    used 5755K, capacity 6177K, committed 6272K, reserved 1048576K
}
Event: 31.772 GC heap before
{Heap before GC invocations=10 (full 0):
 garbage-first heap   total 129024K, used 96718K [0x0000000080000000, 0x0000000100000000)
  region size 1024K, 65 young (66560K), 3 survivors (3072K)
 Metaspace       used 48355K, capacity 49675K, committed 49788K, reserved 1093632K
  class space    used 6176K, capacity 6634K, committed 6656K, reserved 1048576K
}
Event: 31.794 GC heap after
{Heap after GC invocations=11 (full 0):
 garbage-first heap   total 155648K, used 40960K [0x0000000080000000, 0x0000000100000000)
  region size 1024K, 9 young (9216K), 9 survivors (9216K)
 Metaspace       used 48355K, capacity 49675K, committed 49788K, reserved 1093632K
  class space    used 6176K, capacity 6634K, committed 6656K, reserved 1048576K
}
Event: 36.391 GC heap before
{Heap before GC invocations=11 (full 0):
 garbage-first heap   total 155648K, used 107520K [0x0000000080000000, 0x0000000100000000)
  region size 1024K, 75 young (76800K), 9 survivors (9216K)
 Metaspace       used 58210K, capacity 59760K, committed 59900K, reserved 1101824K
  class space    used 7392K, capacity 7944K, committed 8064K, reserved 1048576K
}
Event: 36.452 GC heap after
{Heap after GC invocations=12 (full 0):
 garbage-first heap   total 155648K, used 45065K [0x0000000080000000, 0x0000000100000000)
  region size 1024K, 4 young (4096K), 4 survivors (4096K)
 Metaspace       used 58210K, capacity 59760K, committed 59900K, reserved 1101824K
  class space    used 7392K, capacity 7944K, committed 8064K, reserved 1048576K
}
Event: 41.582 GC heap before
{Heap before GC invocations=13 (full 0):
 garbage-first heap   total 155648K, used 113673K [0x0000000080000000, 0x0000000100000000)
  region size 1024K, 71 young (72704K), 4 survivors (4096K)
 Metaspace       used 63407K, capacity 65109K, committed 65404K, reserved 1105920K
  class space    used 8059K, capacity 8647K, committed 8704K, reserved 1048576K
}
Event: 41.610 GC heap after
{Heap after GC invocations=14 (full 0):
 garbage-first heap   total 155648K, used 50519K [0x0000000080000000, 0x0000000100000000)
  region size 1024K, 9 young (9216K), 9 survivors (9216K)
 Metaspace       used 63407K, capacity 65109K, committed 65404K, reserved 1105920K
  class space    used 8059K, capacity 8647K, committed 8704K, reserved 1048576K
}

