# JRE version: OpenJDK Runtime Environment (11.0.10) (build 11.0.10+0-b96-7249189)
# Java VM: OpenJDK 64-Bit Server VM (11.0.10+0-b96-7249189, mixed mode, tiered, compressed oops, g1 gc, windows-amd64)
Heap:
 garbage-first heap   total 225280K, used 174520K [0x0000000080000000, 0x0000000100000000)
  region size 1024K, 68 young (69632K), 0 survivors (0K)
 Metaspace       used 118087K, capacity 121439K, committed 121596K, reserved 1155072K
  class space    used 14953K, capacity 16229K, committed 16256K, reserved 1048576K
GC Heap History (20 events):
Event: 47.505 GC heap before
{Heap before GC invocations=29 (full 0):
 garbage-first heap   total 187392K, used 131154K [0x0000000080000000, 0x0000000100000000)
  region size 1024K, 49 young (50176K), 1 survivors (1024K)
 Metaspace       used 90803K, capacity 92947K, committed 93052K, reserved 1130496K
  class space    used 11457K, capacity 12233K, committed 12288K, reserved 1048576K
}
Event: 47.518 GC heap after
{Heap after GC invocations=30 (full 0):
 garbage-first heap   total 225280K, used 85464K [0x0000000080000000, 0x0000000100000000)
  region size 1024K, 4 young (4096K), 4 survivors (4096K)
 Metaspace       used 90803K, capacity 92947K, committed 93052K, reserved 1130496K
  class space    used 11457K, capacity 12233K, committed 12288K, reserved 1048576K
}
Event: 49.385 GC heap before
{Heap before GC invocations=30 (full 0):
 garbage-first heap   total 225280K, used 149976K [0x0000000080000000, 0x0000000100000000)
  region size 1024K, 68 young (69632K), 4 survivors (4096K)
 Metaspace       used 92180K, capacity 94389K, committed 94460K, reserved 1132544K
  class space    used 11610K, capacity 12412K, committed 12416K, reserved 1048576K
}
Event: 49.400 GC heap after
{Heap after GC invocations=31 (full 0):
 garbage-first heap   total 225280K, used 88097K [0x0000000080000000, 0x0000000100000000)
  region size 1024K, 6 young (6144K), 6 survivors (6144K)
 Metaspace       used 92180K, capacity 94389K, committed 94460K, reserved 1132544K
  class space    used 11610K, capacity 12412K, committed 12416K, reserved 1048576K
}
Event: 53.332 GC heap before
{Heap before GC invocations=31 (full 0):
 garbage-first heap   total 225280K, used 158753K [0x0000000080000000, 0x0000000100000000)
  region size 1024K, 73 young (74752K), 6 survivors (6144K)
 Metaspace       used 99793K, capacity 102123K, committed 102396K, reserved 1138688K
  class space    used 12533K, capacity 13349K, committed 13440K, reserved 1048576K
}
Event: 53.362 GC heap after
{Heap after GC invocations=32 (full 0):
 garbage-first heap   total 225280K, used 100676K [0x0000000080000000, 0x0000000100000000)
  region size 1024K, 10 young (10240K), 10 survivors (10240K)
 Metaspace       used 99793K, capacity 102123K, committed 102396K, reserved 1138688K
  class space    used 12533K, capacity 13349K, committed 13440K, reserved 1048576K
}
Event: 56.043 GC heap before
{Heap before GC invocations=32 (full 0):
 garbage-first heap   total 225280K, used 165188K [0x0000000080000000, 0x0000000100000000)
  region size 1024K, 72 young (73728K), 10 survivors (10240K)
 Metaspace       used 105490K, capacity 108045K, committed 108156K, reserved 1142784K
  class space    used 13306K, capacity 14277K, committed 14336K, reserved 1048576K
}
Event: 56.090 GC heap after
{Heap after GC invocations=33 (full 0):
 garbage-first heap   total 225280K, used 109868K [0x0000000080000000, 0x0000000100000000)
  region size 1024K, 9 young (9216K), 9 survivors (9216K)
 Metaspace       used 105490K, capacity 108045K, committed 108156K, reserved 1142784K
  class space    used 13306K, capacity 14277K, committed 14336K, reserved 1048576K
}
Event: 58.221 GC heap before
{Heap before GC invocations=33 (full 0):
 garbage-first heap   total 225280K, used 168236K [0x0000000080000000, 0x0000000100000000)
  region size 1024K, 67 young (68608K), 9 survivors (9216K)
 Metaspace       used 112406K, capacity 115594K, committed 115708K, reserved 1148928K
  class space    used 14407K, capacity 15630K, committed 15744K, reserved 1048576K
}
Event: 58.268 GC heap after
{Heap after GC invocations=34 (full 0):
 garbage-first heap   total 225280K, used 113079K [0x0000000080000000, 0x0000000100000000)
  region size 1024K, 4 young (4096K), 4 survivors (4096K)
 Metaspace       used 112406K, capacity 115594K, committed 115708K, reserved 1148928K
  class space    used 14407K, capacity 15630K, committed 15744K, reserved 1048576K
}
Event: 59.129 GC heap before
{Heap before GC invocations=34 (full 0):
 garbage-first heap   total 225280K, used 128439K [0x0000000080000000, 0x0000000100000000)
  region size 1024K, 21 young (21504K), 4 survivors (4096K)
 Metaspace       used 112721K, capacity 115893K, committed 116220K, reserved 1150976K
  class space    used 14407K, capacity 15630K, committed 15744K, reserved 1048576K
}
Event: 59.149 GC heap after
{Heap after GC invocations=35 (full 0):
 garbage-first heap   total 225280K, used 114440K [0x0000000080000000, 0x0000000100000000)
  region size 1024K, 5 young (5120K), 5 survivors (5120K)
 Metaspace       used 112721K, capacity 115893K, committed 116220K, reserved 1150976K
  class space    used 14407K, capacity 15630K, committed 15744K, reserved 1048576K
}
Event: 86.640 GC heap before
{Heap before GC invocations=36 (full 0):
 garbage-first heap   total 225280K, used 178952K [0x0000000080000000, 0x0000000100000000)
  region size 1024K, 62 young (63488K), 5 survivors (5120K)
 Metaspace       used 115952K, capacity 119180K, committed 119420K, reserved 1153024K
  class space    used 14869K, capacity 16082K, committed 16128K, reserved 1048576K
}
Event: 86.660 GC heap after
{Heap after GC invocations=37 (full 0):
 garbage-first heap   total 225280K, used 110944K [0x0000000080000000, 0x0000000100000000)
  region size 1024K, 3 young (3072K), 3 survivors (3072K)
 Metaspace       used 115952K, capacity 119180K, committed 119420K, reserved 1153024K
  class space    used 14869K, capacity 16082K, committed 16128K, reserved 1048576K
}
Event: 86.839 GC heap before
{Heap before GC invocations=37 (full 0):
 garbage-first heap   total 225280K, used 118112K [0x0000000080000000, 0x0000000100000000)
  region size 1024K, 11 young (11264K), 3 survivors (3072K)
 Metaspace       used 116024K, capacity 119192K, committed 119420K, reserved 1153024K
  class space    used 14869K, capacity 16083K, committed 16128K, reserved 1048576K
}
Event: 86.872 GC heap after
{Heap after GC invocations=38 (full 0):
 garbage-first heap   total 225280K, used 100010K [0x0000000080000000, 0x0000000100000000)
  region size 1024K, 1 young (1024K), 1 survivors (1024K)
 Metaspace       used 116024K, capacity 119192K, committed 119420K, reserved 1153024K
  class space    used 14869K, capacity 16083K, committed 16128K, reserved 1048576K
}
Event: 178.715 GC heap before
{Heap before GC invocations=38 (full 0):
 garbage-first heap   total 225280K, used 166570K [0x0000000080000000, 0x0000000100000000)
  region size 1024K, 67 young (68608K), 1 survivors (1024K)
 Metaspace       used 117004K, capacity 120243K, committed 120444K, reserved 1153024K
  class space    used 14891K, capacity 16119K, committed 16128K, reserved 1048576K
}
Event: 178.741 GC heap after
{Heap after GC invocations=39 (full 0):
 garbage-first heap   total 225280K, used 106743K [0x0000000080000000, 0x0000000100000000)
  region size 1024K, 8 young (8192K), 8 survivors (8192K)
 Metaspace       used 117004K, capacity 120243K, committed 120444K, reserved 1153024K
  class space    used 14891K, capacity 16119K, committed 16128K, reserved 1048576K
}
Event: 476.049 GC heap before
{Heap before GC invocations=39 (full 0):
 garbage-first heap   total 225280K, used 171255K [0x0000000080000000, 0x0000000100000000)
  region size 1024K, 72 young (73728K), 8 survivors (8192K)
 Metaspace       used 117588K, capacity 120934K, committed 121084K, reserved 1155072K
  class space    used 14923K, capacity 16177K, committed 16256K, reserved 1048576K
}
Event: 476.063 GC heap after
{Heap after GC invocations=40 (full 0):
 garbage-first heap   total 225280K, used 104888K [0x0000000080000000, 0x0000000100000000)
  region size 1024K, 2 young (2048K), 2 survivors (2048K)
 Metaspace       used 117588K, capacity 120934K, committed 121084K, reserved 1155072K
  class space    used 14923K, capacity 16177K, committed 16256K, reserved 1048576K
}

