# JRE version: OpenJDK Runtime Environment (11.0.10) (build 11.0.10+0-b96-7249189)
# Java VM: OpenJDK 64-Bit Server VM (11.0.10+0-b96-7249189, mixed mode, tiered, compressed oops, g1 gc, windows-amd64)
Heap:
 garbage-first heap   total 129024K, used 33909K [0x0000000080000000, 0x0000000100000000)
  region size 1024K, 9 young (9216K), 5 survivors (5120K)
 Metaspace       used 46779K, capacity 48001K, committed 48156K, reserved 1091584K
  class space    used 5991K, capacity 6434K, committed 6476K, reserved 1048576K
GC Heap History (20 events):
Event: 2.302 GC heap before
{Heap before GC invocations=0 (full 0):
 garbage-first heap   total 129024K, used 29696K [0x0000000080000000, 0x0000000100000000)
  region size 1024K, 24 young (24576K), 0 survivors (0K)
 Metaspace       used 9790K, capacity 9990K, committed 10112K, reserved 1058816K
  class space    used 1022K, capacity 1102K, committed 1152K, reserved 1048576K
}
Event: 2.316 GC heap after
{Heap after GC invocations=1 (full 0):
 garbage-first heap   total 129024K, used 9204K [0x0000000080000000, 0x0000000100000000)
  region size 1024K, 3 young (3072K), 3 survivors (3072K)
 Metaspace       used 9790K, capacity 9990K, committed 10112K, reserved 1058816K
  class space    used 1022K, capacity 1102K, committed 1152K, reserved 1048576K
}
Event: 3.619 GC heap before
{Heap before GC invocations=1 (full 0):
 garbage-first heap   total 129024K, used 30708K [0x0000000080000000, 0x0000000100000000)
  region size 1024K, 24 young (24576K), 3 survivors (3072K)
 Metaspace       used 10714K, capacity 10879K, committed 11008K, reserved 1058816K
  class space    used 1123K, capacity 1206K, committed 1280K, reserved 1048576K
}
Event: 3.631 GC heap after
{Heap after GC invocations=2 (full 0):
 garbage-first heap   total 129024K, used 9768K [0x0000000080000000, 0x0000000100000000)
  region size 1024K, 1 young (1024K), 1 survivors (1024K)
 Metaspace       used 10714K, capacity 10879K, committed 11008K, reserved 1058816K
  class space    used 1123K, capacity 1206K, committed 1280K, reserved 1048576K
}
Event: 12.196 GC heap before
{Heap before GC invocations=2 (full 0):
 garbage-first heap   total 129024K, used 59944K [0x0000000080000000, 0x0000000100000000)
  region size 1024K, 50 young (51200K), 1 survivors (1024K)
 Metaspace       used 17717K, capacity 18155K, committed 18432K, reserved 1064960K
  class space    used 2076K, capacity 2236K, committed 2304K, reserved 1048576K
}
Event: 12.209 GC heap after
{Heap after GC invocations=3 (full 0):
 garbage-first heap   total 129024K, used 15951K [0x0000000080000000, 0x0000000100000000)
  region size 1024K, 7 young (7168K), 7 survivors (7168K)
 Metaspace       used 17717K, capacity 18155K, committed 18432K, reserved 1064960K
  class space    used 2076K, capacity 2236K, committed 2304K, reserved 1048576K
}
Event: 12.939 GC heap before
{Heap before GC invocations=3 (full 0):
 garbage-first heap   total 129024K, used 40527K [0x0000000080000000, 0x0000000100000000)
  region size 1024K, 32 young (32768K), 7 survivors (7168K)
 Metaspace       used 20666K, capacity 21155K, committed 21296K, reserved 1069056K
  class space    used 2513K, capacity 2688K, committed 2688K, reserved 1048576K
}
Event: 12.963 GC heap after
{Heap after GC invocations=4 (full 0):
 garbage-first heap   total 129024K, used 16715K [0x0000000080000000, 0x0000000100000000)
  region size 1024K, 1 young (1024K), 1 survivors (1024K)
 Metaspace       used 20666K, capacity 21155K, committed 21296K, reserved 1069056K
  class space    used 2513K, capacity 2688K, committed 2688K, reserved 1048576K
}
Event: 14.817 GC heap before
{Heap before GC invocations=5 (full 0):
 garbage-first heap   total 129024K, used 69963K [0x0000000080000000, 0x0000000100000000)
  region size 1024K, 53 young (54272K), 1 survivors (1024K)
 Metaspace       used 25996K, capacity 26554K, committed 26752K, reserved 1073152K
  class space    used 3390K, capacity 3599K, committed 3712K, reserved 1048576K
}
Event: 14.832 GC heap after
{Heap after GC invocations=6 (full 0):
 garbage-first heap   total 129024K, used 18433K [0x0000000080000000, 0x0000000100000000)
  region size 1024K, 3 young (3072K), 3 survivors (3072K)
 Metaspace       used 25996K, capacity 26554K, committed 26752K, reserved 1073152K
  class space    used 3390K, capacity 3599K, committed 3712K, reserved 1048576K
}
Event: 18.104 GC heap before
{Heap before GC invocations=6 (full 0):
 garbage-first heap   total 129024K, used 74753K [0x0000000080000000, 0x0000000100000000)
  region size 1024K, 58 young (59392K), 3 survivors (3072K)
 Metaspace       used 34873K, capacity 35675K, committed 35840K, reserved 1081344K
  class space    used 4532K, capacity 4832K, committed 4864K, reserved 1048576K
}
Event: 18.119 GC heap after
{Heap after GC invocations=7 (full 0):
 garbage-first heap   total 129024K, used 21949K [0x0000000080000000, 0x0000000100000000)
  region size 1024K, 6 young (6144K), 6 survivors (6144K)
 Metaspace       used 34873K, capacity 35675K, committed 35840K, reserved 1081344K
  class space    used 4532K, capacity 4832K, committed 4864K, reserved 1048576K
}
Event: 18.213 GC heap before
{Heap before GC invocations=7 (full 0):
 garbage-first heap   total 129024K, used 21949K [0x0000000080000000, 0x0000000100000000)
  region size 1024K, 8 young (8192K), 6 survivors (6144K)
 Metaspace       used 35184K, capacity 36027K, committed 36048K, reserved 1081344K
  class space    used 4542K, capacity 4864K, committed 4864K, reserved 1048576K
}
Event: 18.242 GC heap after
{Heap after GC invocations=8 (full 0):
 garbage-first heap   total 129024K, used 22307K [0x0000000080000000, 0x0000000100000000)
  region size 1024K, 4 young (4096K), 4 survivors (4096K)
 Metaspace       used 35184K, capacity 36027K, committed 36048K, reserved 1081344K
  class space    used 4542K, capacity 4864K, committed 4864K, reserved 1048576K
}
Event: 19.869 GC heap before
{Heap before GC invocations=9 (full 0):
 garbage-first heap   total 129024K, used 71459K [0x0000000080000000, 0x0000000100000000)
  region size 1024K, 50 young (51200K), 4 survivors (4096K)
 Metaspace       used 38740K, capacity 39700K, committed 39836K, reserved 1083392K
  class space    used 4925K, capacity 5251K, committed 5324K, reserved 1048576K
}
Event: 19.888 GC heap after
{Heap after GC invocations=10 (full 0):
 garbage-first heap   total 129024K, used 26067K [0x0000000080000000, 0x0000000100000000)
  region size 1024K, 7 young (7168K), 7 survivors (7168K)
 Metaspace       used 38740K, capacity 39700K, committed 39836K, reserved 1083392K
  class space    used 4925K, capacity 5251K, committed 5324K, reserved 1048576K
}
Event: 22.065 GC heap before
{Heap before GC invocations=10 (full 0):
 garbage-first heap   total 129024K, used 75219K [0x0000000080000000, 0x0000000100000000)
  region size 1024K, 55 young (56320K), 7 survivors (7168K)
 Metaspace       used 43125K, capacity 44154K, committed 44316K, reserved 1087488K
  class space    used 5493K, capacity 5855K, committed 5964K, reserved 1048576K
}
Event: 22.087 GC heap after
{Heap after GC invocations=11 (full 0):
 garbage-first heap   total 129024K, used 28179K [0x0000000080000000, 0x0000000100000000)
  region size 1024K, 6 young (6144K), 6 survivors (6144K)
 Metaspace       used 43125K, capacity 44154K, committed 44316K, reserved 1087488K
  class space    used 5493K, capacity 5855K, committed 5964K, reserved 1048576K
}
Event: 24.265 GC heap before
{Heap before GC invocations=11 (full 0):
 garbage-first heap   total 129024K, used 79379K [0x0000000080000000, 0x0000000100000000)
  region size 1024K, 56 young (57344K), 6 survivors (6144K)
 Metaspace       used 46709K, capacity 47935K, committed 48156K, reserved 1091584K
  class space    used 5987K, capacity 6433K, committed 6476K, reserved 1048576K
}
Event: 24.284 GC heap after
{Heap after GC invocations=12 (full 0):
 garbage-first heap   total 129024K, used 30837K [0x0000000080000000, 0x0000000100000000)
  region size 1024K, 5 young (5120K), 5 survivors (5120K)
 Metaspace       used 46709K, capacity 47935K, committed 48156K, reserved 1091584K
  class space    used 5987K, capacity 6433K, committed 6476K, reserved 1048576K
}

